#
# A fatal error has been detected by the Java Runtime Environment:
#
#  EXCEPTION_ACCESS_VIOLATION (0xc0000005) at pc=0x00007ffafbf76bce, pid=3992, tid=6212
#
# JRE version: Java(TM) SE Runtime Environment (15.0.1+9) (build 15.0.1+9-18)
# Java VM: Java HotSpot(TM) 64-Bit Server VM (15.0.1+9-18, mixed mode, sharing, tiered, compressed oops, g1 gc, windows-amd64)
# Problematic frame:
# C  [ig9icd64.dll+0x4d6bce]
#
# No core dump will be written. Minidumps are not enabled by default on client versions of Windows
#
# If you would like to submit a bug report, please visit:
#   https://bugreport.java.com/bugreport/crash.jsp
# The crash happened outside the Java Virtual Machine in native code.
# See problematic frame for where to report the bug.
#

---------------  S U M M A R Y ------------

Command Line: -Djava.library.path=C:\Users\Tech\Downloads\JOGLwin\JOGLwin\lib64 -javaagent:D:\intellij\IntelliJ IDEA Community Edition 2023.2.1\lib\idea_rt.jar=51072:D:\intellij\IntelliJ IDEA Community Edition 2023.2.1\bin -Dfile.encoding=UTF-8 Chicken_Eggs

Host: Intel(R) Core(TM) i7-6820HQ CPU @ 2.70GHz, 8 cores, 15G,  Windows 10 , 64 bit Build 19041 (10.0.19041.3636)
Time: Tue Dec  5 14:50:36 2023 Arabic Standard Time elapsed time: 11.352766 seconds (0d 0h 0m 11s)

---------------  T H R E A D  ---------------

Current thread (0x000002412f134440):  JavaThread "AWT-EventQueue-0" [_thread_in_native, id=6212, stack(0x000000a776500000,0x000000a776600000)]

Stack: [0x000000a776500000,0x000000a776600000],  sp=0x000000a7765fe0c8,  free space=1016k
Native frames: (J=compiled Java code, j=interpreted, Vv=VM code, C=native code)
C  [ig9icd64.dll+0x4d6bce]

Java frames: (J=compiled Java code, j=interpreted, Vv=VM code)
J 1027  com.sun.opengl.impl.GLImpl.glBegin0(I)V (0 bytes) @ 0x000002411a7a5deb [0x000002411a7a5da0+0x000000000000004b]
J 1039% c2 assets.AnimGLEventListener7.display(Ljavax/media/opengl/GLAutoDrawable;)V (68 bytes) @ 0x000002411a7b1ef4 [0x000002411a7b1d60+0x0000000000000194]
j  com.sun.opengl.impl.GLDrawableHelper.display(Ljavax/media/opengl/GLAutoDrawable;)V+29
j  javax.media.opengl.GLCanvas$DisplayAction.run()V+80
j  com.sun.opengl.impl.GLDrawableHelper.invokeGL(Ljavax/media/opengl/GLDrawable;Ljavax/media/opengl/GLContext;Ljava/lang/Runnable;Ljava/lang/Runnable;)V+418
j  javax.media.opengl.GLCanvas$DisplayOnEventDispatchThreadAction.run()V+35
j  java.awt.event.InvocationEvent.dispatch()V+11 java.desktop@15.0.1
j  java.awt.EventQueue.dispatchEventImpl(Ljava/awt/AWTEvent;Ljava/lang/Object;)V+21 java.desktop@15.0.1
j  java.awt.EventQueue$4.run()Ljava/lang/Void;+32 java.desktop@15.0.1
j  java.awt.EventQueue$4.run()Ljava/lang/Object;+1 java.desktop@15.0.1
J 604 c1 java.security.AccessController.executePrivileged(Ljava/security/PrivilegedAction;Ljava/security/AccessControlContext;Ljava/lang/Class;)Ljava/lang/Object; java.base@15.0.1 (65 bytes) @ 0x00000241132e51c4 [0x00000241132e5060+0x0000000000000164]
j  java.security.AccessController.doPrivileged(Ljava/security/PrivilegedAction;Ljava/security/AccessControlContext;)Ljava/lang/Object;+13 java.base@15.0.1
j  java.security.ProtectionDomain$JavaSecurityAccessImpl.doIntersectionPrivilege(Ljava/security/PrivilegedAction;Ljava/security/AccessControlContext;Ljava/security/AccessControlContext;)Ljava/lang/Object;+18 java.base@15.0.1
j  java.awt.EventQueue.dispatchEvent(Ljava/awt/AWTEvent;)V+46 java.desktop@15.0.1
j  java.awt.EventDispatchThread.pumpOneEventForFilters(I)V+78 java.desktop@15.0.1
j  java.awt.EventDispatchThread.pumpEventsForFilter(ILjava/awt/Conditional;Ljava/awt/EventFilter;)V+35 java.desktop@15.0.1
j  java.awt.EventDispatchThread.pumpEventsForHierarchy(ILjava/awt/Conditional;Ljava/awt/Component;)V+11 java.desktop@15.0.1
j  java.awt.EventDispatchThread.pumpEvents(ILjava/awt/Conditional;)V+4 java.desktop@15.0.1
j  java.awt.EventDispatchThread.pumpEvents(Ljava/awt/Conditional;)V+3 java.desktop@15.0.1
j  java.awt.EventDispatchThread.run()V+9 java.desktop@15.0.1
v  ~StubRoutines::call_stub

siginfo: EXCEPTION_ACCESS_VIOLATION (0xc0000005), reading address 0x00007ffe3c44bcc0


Register to memory mapping:

RIP=0x00007ffafbf76bce ig9icd64.dll
RAX=0x000000000fff0fff is an unknown value
RBX=0x000000a7765fe5e0 is pointing into the stack for thread: 0x000002412f134440
RCX=0x00007ffe3c44bc9c is an unknown value
RDX=0x000000a7765fe5e0 is pointing into the stack for thread: 0x000002412f134440
RSP=0x000000a7765fe0c8 is pointing into the stack for thread: 0x000002412f134440
RBP=0x000000a7765fe1d0 is pointing into the stack for thread: 0x000002412f134440
RSI=0x000002412f707660 points into unknown readable memory: 0x0000000000000000 | 00 00 00 00 00 00 00 00
RDI=0x00007ffafc757cd0 ig9icd64.dll
R8 =0x000000a7765fe200 is pointing into the stack for thread: 0x000002412f134440
R9 =0x000000a7765fe5e0 is pointing into the stack for thread: 0x000002412f134440
R10=0x000000a7765fe3d0 is pointing into the stack for thread: 0x000002412f134440
R11=0x0 is NULL
R12=0x0000000000000100 is an unknown value
R13=0x0 is NULL
R14=0x0000000000000001 is an unknown value
R15=0x0 is NULL


Registers:
RAX=0x000000000fff0fff, RBX=0x000000a7765fe5e0, RCX=0x00007ffe3c44bc9c, RDX=0x000000a7765fe5e0
RSP=0x000000a7765fe0c8, RBP=0x000000a7765fe1d0, RSI=0x000002412f707660, RDI=0x00007ffafc757cd0
R8 =0x000000a7765fe200, R9 =0x000000a7765fe5e0, R10=0x000000a7765fe3d0, R11=0x0000000000000000
R12=0x0000000000000100, R13=0x0000000000000000, R14=0x0000000000000001, R15=0x0000000000000000
RIP=0x00007ffafbf76bce, EFLAGS=0x0000000000010206

Top of Stack: (sp=0x000000a7765fe0c8)
0x000000a7765fe0c8:   00007ffafbf704ae 000000a7765fe5e0
0x000000a7765fe0d8:   000000a7765fe3d0 0000000000000000
0x000000a7765fe0e8:   00000241046dfb20 0000000000000000
0x000000a7765fe0f8:   000002412f28ef50 000002412f174f30
0x000000a7765fe108:   00007ffb00000000 000000a7765fe238
0x000000a7765fe118:   00007ffafbbf834a 0000024131099ec0
0x000000a7765fe128:   000000a7765fe2c0 000000a7765fe2a0
0x000000a7765fe138:   00007ffafbbf89ea 0000000000000000
0x000000a7765fe148:   000000a7765fe240 000000a7765fe238
0x000000a7765fe158:   0000000000000000 0000d9ca84519da6
0x000000a7765fe168:   0000000000000000 0000000000000000
0x000000a7765fe178:   00007ffb602fb86b 0000000000050324
0x000000a7765fe188:   00000000000000df 000002412f3f6e70
0x000000a7765fe198:   0000000000000065 000000a7765fe2c0
0x000000a7765fe1a8:   0000000002300247 0000000000000000
0x000000a7765fe1b8:   00000241087e0fc0 000000a7765fe2c0 

Instructions: (pc=0x00007ffafbf76bce)
0x00007ffafbf76ace:   4d 00 bf 64 4d 00 fe 69 4d 00 fe 69 4d 00 60 67
0x00007ffafbf76ade:   4d 00 60 67 4d 00 52 6a 4d 00 52 6a 4d 00 52 6a
0x00007ffafbf76aee:   4d 00 52 6a 4d 00 bf 64 4d 00 60 67 4d 00 60 67
0x00007ffafbf76afe:   4d 00 60 67 4d 00 60 67 4d 00 fe 69 4d 00 fe 69
0x00007ffafbf76b0e:   4d 00 cc cc cc cc cc cc cc cc cc cc cc cc cc cc
0x00007ffafbf76b1e:   cc cc 48 89 5c 24 08 48 89 7c 24 10 8b 41 5c 48
0x00007ffafbf76b2e:   8d 3d 9c 11 7e 00 41 89 40 08 4c 8b d1 8b 41 60
0x00007ffafbf76b3e:   45 33 db 41 89 40 0c 4c 8b ca 8b 41 64 41 89 40
0x00007ffafbf76b4e:   10 8b 41 68 41 89 40 14 8b 41 6c 41 89 40 18 8b
0x00007ffafbf76b5e:   41 70 41 89 40 1c 48 63 41 74 48 6b c8 34 48 03
0x00007ffafbf76b6e:   cf 8b 41 24 41 89 40 20 8b 41 28 41 89 40 24 8b
0x00007ffafbf76b7e:   41 2c 41 89 40 28 8b 41 30 41 89 40 2c 8b 41 14
0x00007ffafbf76b8e:   41 89 40 30 8b 41 18 41 89 40 34 8b 41 1c 41 89
0x00007ffafbf76b9e:   40 38 8b 41 20 41 89 40 3c 8b 41 04 41 89 40 40
0x00007ffafbf76bae:   8b 41 08 41 89 40 44 8b 41 0c 41 89 40 48 8b 41
0x00007ffafbf76bbe:   10 41 89 40 4c 49 63 42 78 48 6b c8 34 48 03 cf
0x00007ffafbf76bce:   8b 41 24 41 89 40 50 8b 41 28 41 89 40 54 8b 41
0x00007ffafbf76bde:   2c 41 89 40 58 8b 41 30 41 89 40 5c 8b 41 14 41
0x00007ffafbf76bee:   89 40 60 8b 41 18 41 89 40 64 8b 41 1c 41 89 40
0x00007ffafbf76bfe:   68 8b 41 20 41 89 40 6c 8b 41 04 41 89 40 70 8b
0x00007ffafbf76c0e:   41 08 41 89 40 74 8b 41 0c 41 89 40 78 8b 41 10
0x00007ffafbf76c1e:   41 89 40 7c 48 8b 42 18 8b 88 38 0b 00 00 f6 c1
0x00007ffafbf76c2e:   08 0f 84 86 00 00 00 8b 80 3c 0b 00 00 41 89 80
0x00007ffafbf76c3e:   80 00 00 00 48 8b 42 18 8b 88 40 0b 00 00 41 89
0x00007ffafbf76c4e:   88 84 00 00 00 48 8b 42 18 8b 88 44 0b 00 00 41
0x00007ffafbf76c5e:   89 88 88 00 00 00 48 8b 42 18 8b 88 48 0b 00 00
0x00007ffafbf76c6e:   41 89 88 8c 00 00 00 48 8b 42 18 8b 88 4c 0b 00
0x00007ffafbf76c7e:   00 41 89 88 90 00 00 00 48 8b 42 18 8b 88 50 0b
0x00007ffafbf76c8e:   00 00 41 89 88 94 00 00 00 48 8b 42 18 8b 88 54
0x00007ffafbf76c9e:   0b 00 00 41 89 88 98 00 00 00 48 8b 42 18 8b 88
0x00007ffafbf76cae:   58 0b 00 00 41 89 88 9c 00 00 00 eb 52 f6 c1 10
0x00007ffafbf76cbe:   74 4d 8b 80 5c 0b 00 00 41 89 80 80 00 00 00 41 


Stack slot to memory mapping:
stack at sp + 0 slots: 0x00007ffafbf704ae ig9icd64.dll
stack at sp + 1 slots: 0x000000a7765fe5e0 is pointing into the stack for thread: 0x000002412f134440
stack at sp + 2 slots: 0x000000a7765fe3d0 is pointing into the stack for thread: 0x000002412f134440
stack at sp + 3 slots: 0x0 is NULL
stack at sp + 4 slots: 0x00000241046dfb20 points into unknown readable memory: 0x000002412f0f1360 | 60 13 0f 2f 41 02 00 00
stack at sp + 5 slots: 0x0 is NULL
stack at sp + 6 slots: 0x000002412f28ef50 points into unknown readable memory: 0x000002412f0f1360 | 60 13 0f 2f 41 02 00 00
stack at sp + 7 slots: 0x000002412f174f30 points into unknown readable memory: 0x000002412f237cf0 | f0 7c 23 2f 41 02 00 00


---------------  P R O C E S S  ---------------

Threads class SMR info:
_java_thread_list=0x000002412edea0d0, length=16, elements={
0x000002412e15f260, 0x000002412e15fd40, 0x000002412ea772c0, 0x000002412ea78b90,
0x000002412ea79780, 0x000002412ea7f770, 0x000002412ea7d910, 0x000002412ebab4d0,
0x000002412ec677f0, 0x000002412ec69cd0, 0x000002412eff1bd0, 0x000002412f02cf10,
0x000002412f755b70, 0x000002412f134440, 0x000002412f714340, 0x000002412f7169c0
}

Java Threads: ( => current thread )
  0x000002412e15f260 JavaThread "Reference Handler" daemon [_thread_blocked, id=7916, stack(0x000000a775500000,0x000000a775600000)]
  0x000002412e15fd40 JavaThread "Finalizer" daemon [_thread_blocked, id=12924, stack(0x000000a775600000,0x000000a775700000)]
  0x000002412ea772c0 JavaThread "Attach Listener" daemon [_thread_blocked, id=10224, stack(0x000000a775800000,0x000000a775900000)]
  0x000002412ea78b90 JavaThread "Service Thread" daemon [_thread_blocked, id=11124, stack(0x000000a775900000,0x000000a775a00000)]
  0x000002412ea79780 JavaThread "C2 CompilerThread0" daemon [_thread_blocked, id=1936, stack(0x000000a775a00000,0x000000a775b00000)]
  0x000002412ea7f770 JavaThread "C1 CompilerThread0" daemon [_thread_blocked, id=6504, stack(0x000000a775b00000,0x000000a775c00000)]
  0x000002412ea7d910 JavaThread "Sweeper thread" daemon [_thread_blocked, id=236, stack(0x000000a775c00000,0x000000a775d00000)]
  0x000002412ebab4d0 JavaThread "Common-Cleaner" daemon [_thread_blocked, id=11008, stack(0x000000a775d00000,0x000000a775e00000)]
  0x000002412ec677f0 JavaThread "Monitor Ctrl-Break" daemon [_thread_in_native, id=11276, stack(0x000000a775e00000,0x000000a775f00000)]
  0x000002412ec69cd0 JavaThread "Notification Thread" daemon [_thread_blocked, id=11384, stack(0x000000a775f00000,0x000000a776000000)]
  0x000002412eff1bd0 JavaThread "Java2D Disposer" daemon [_thread_blocked, id=10852, stack(0x000000a776100000,0x000000a776200000)]
  0x000002412f02cf10 JavaThread "AWT-Shutdown" [_thread_blocked, id=9852, stack(0x000000a776200000,0x000000a776300000)]
  0x000002412f755b70 JavaThread "Timer-0" [_thread_blocked, id=2460, stack(0x000000a776400000,0x000000a776500000)]
=>0x000002412f134440 JavaThread "AWT-EventQueue-0" [_thread_in_native, id=6212, stack(0x000000a776500000,0x000000a776600000)]
  0x000002412f714340 JavaThread "DestroyJavaVM" [_thread_blocked, id=4544, stack(0x000000a774e00000,0x000000a774f00000)]
  0x000002412f7169c0 JavaThread "SIGINT handler" daemon [_thread_blocked, id=11952, stack(0x000000a776900000,0x000000a776a00000)]

Other Threads:
  0x000002412e15bac0 VMThread "VM Thread" [stack: 0x000000a775400000,0x000000a775500000] [id=7540] _threads_hazard_ptr=0x000002412edea0d0
  0x000002410aa81230 GCTaskThread "GC Thread#0" [stack: 0x000000a774f00000,0x000000a775000000] [id=2296]
  0x000002412ee6ac60 GCTaskThread "GC Thread#1" [stack: 0x000000a776a00000,0x000000a776b00000] [id=4788]
  0x000002412ee6c910 GCTaskThread "GC Thread#2" [stack: 0x000000a776b00000,0x000000a776c00000] [id=12644]
  0x000002412ee69fa0 GCTaskThread "GC Thread#3" [stack: 0x000000a776c00000,0x000000a776d00000] [id=2948]
  0x000002412ee6af90 GCTaskThread "GC Thread#4" [stack: 0x000000a776d00000,0x000000a776e00000] [id=13004]
  0x000002412ee6bc50 GCTaskThread "GC Thread#5" [stack: 0x000000a776e00000,0x000000a776f00000] [id=10828]
  0x000002412ee68fb0 GCTaskThread "GC Thread#6" [stack: 0x000000a776f00000,0x000000a777000000] [id=3708]
  0x000002412ee69940 GCTaskThread "GC Thread#7" [stack: 0x000000a777000000,0x000000a777100000] [id=12684]
  0x000002410aa93270 ConcurrentGCThread "G1 Main Marker" [stack: 0x000000a775000000,0x000000a775100000] [id=11504]
  0x000002410aa94590 ConcurrentGCThread "G1 Conc#0" [stack: 0x000000a775100000,0x000000a775200000] [id=1268]
  0x000002412dfd20c0 ConcurrentGCThread "G1 Refine#0" [stack: 0x000000a775200000,0x000000a775300000] [id=12392]
  0x000002412dfd2c50 ConcurrentGCThread "G1 Young RemSet Sampling" [stack: 0x000000a775300000,0x000000a775400000] [id=660]

Threads with active compile tasks:

VM state: at safepoint (normal execution)

VM Mutex/Monitor currently owned by a thread:  ([mutex/lock_event])
[0x000002410aa2d2f0] Threads_lock - owner thread: 0x000002412e15bac0
[0x000002410aa2bf40] Heap_lock - owner thread: 0x000002412f7169c0

Heap address: 0x0000000701a00000, size: 4070 MB, Compressed Oops mode: Zero based, Oop shift amount: 3
CDS archive(s) mapped at: [0x0000000800000000-0x0000000800b50000-0x0000000800b50000), size 11862016, SharedBaseAddress: 0x0000000800000000, ArchiveRelocationMode: 0.
Compressed class space mapped at: 0x0000000800b50000-0x0000000840b50000, size: 1073741824
Narrow klass base: 0x0000000800000000, Narrow klass shift: 3, Narrow klass range: 0x100000000

GC Precious Log:
 CPUs: 8 total, 8 available
 Memory: 16275M
 Large Page Support: Disabled
 NUMA Support: Disabled
 Compressed Oops: Enabled (Zero based)
 Heap Region Size: 2M
 Heap Min Capacity: 8M
 Heap Initial Capacity: 256M
 Heap Max Capacity: 4070M
 Pre-touch: Disabled
 Parallel Workers: 8
 Concurrent Workers: 2
 Concurrent Refinement Workers: 8
 Periodic GC: Disabled

Heap:
 garbage-first heap   total 262144K, used 16775K [0x0000000701a00000, 0x0000000800000000)
  region size 2048K, 9 young (18432K), 2 survivors (4096K)
 Metaspace       used 10764K, capacity 10942K, committed 11136K, reserved 1058816K
  class space    used 1037K, capacity 1099K, committed 1152K, reserved 1048576K

Heap Regions: E=young(eden), S=young(survivor), O=old, HS=humongous(starts), HC=humongous(continues), CS=collection set, F=free, OA=open archive, CA=closed archive, TAMS=top-at-mark-start (previous, next)
|   0|0x0000000701a00000, 0x0000000701c00000, 0x0000000701c00000|100%|HS|  |TAMS 0x0000000701a00000, 0x0000000701a00000| Complete 
|   1|0x0000000701c00000, 0x0000000701c00000, 0x0000000701e00000|  0%| F|  |TAMS 0x0000000701c00000, 0x0000000701c00000| Untracked 
|   2|0x0000000701e00000, 0x0000000701e00000, 0x0000000702000000|  0%| F|  |TAMS 0x0000000701e00000, 0x0000000701e00000| Untracked 
|   3|0x0000000702000000, 0x0000000702000000, 0x0000000702200000|  0%| F|  |TAMS 0x0000000702000000, 0x0000000702000000| Untracked 
|   4|0x0000000702200000, 0x0000000702200000, 0x0000000702400000|  0%| F|  |TAMS 0x0000000702200000, 0x0000000702200000| Untracked 
|   5|0x0000000702400000, 0x0000000702400000, 0x0000000702600000|  0%| F|  |TAMS 0x0000000702400000, 0x0000000702400000| Untracked 
|   6|0x0000000702600000, 0x0000000702600000, 0x0000000702800000|  0%| F|  |TAMS 0x0000000702600000, 0x0000000702600000| Untracked 
|   7|0x0000000702800000, 0x0000000702800000, 0x0000000702a00000|  0%| F|  |TAMS 0x0000000702800000, 0x0000000702800000| Untracked 
|   8|0x0000000702a00000, 0x0000000702a00000, 0x0000000702c00000|  0%| F|  |TAMS 0x0000000702a00000, 0x0000000702a00000| Untracked 
|   9|0x0000000702c00000, 0x0000000702c00000, 0x0000000702e00000|  0%| F|  |TAMS 0x0000000702c00000, 0x0000000702c00000| Untracked 
|  10|0x0000000702e00000, 0x0000000702e00000, 0x0000000703000000|  0%| F|  |TAMS 0x0000000702e00000, 0x0000000702e00000| Untracked 
|  11|0x0000000703000000, 0x0000000703000000, 0x0000000703200000|  0%| F|  |TAMS 0x0000000703000000, 0x0000000703000000| Untracked 
|  12|0x0000000703200000, 0x0000000703200000, 0x0000000703400000|  0%| F|  |TAMS 0x0000000703200000, 0x0000000703200000| Untracked 
|  13|0x0000000703400000, 0x0000000703400000, 0x0000000703600000|  0%| F|  |TAMS 0x0000000703400000, 0x0000000703400000| Untracked 
|  14|0x0000000703600000, 0x0000000703600000, 0x0000000703800000|  0%| F|  |TAMS 0x0000000703600000, 0x0000000703600000| Untracked 
|  15|0x0000000703800000, 0x0000000703800000, 0x0000000703a00000|  0%| F|  |TAMS 0x0000000703800000, 0x0000000703800000| Untracked 
|  16|0x0000000703a00000, 0x0000000703a00000, 0x0000000703c00000|  0%| F|  |TAMS 0x0000000703a00000, 0x0000000703a00000| Untracked 
|  17|0x0000000703c00000, 0x0000000703c00000, 0x0000000703e00000|  0%| F|  |TAMS 0x0000000703c00000, 0x0000000703c00000| Untracked 
|  18|0x0000000703e00000, 0x0000000703e00000, 0x0000000704000000|  0%| F|  |TAMS 0x0000000703e00000, 0x0000000703e00000| Untracked 
|  19|0x0000000704000000, 0x0000000704000000, 0x0000000704200000|  0%| F|  |TAMS 0x0000000704000000, 0x0000000704000000| Untracked 
|  20|0x0000000704200000, 0x0000000704200000, 0x0000000704400000|  0%| F|  |TAMS 0x0000000704200000, 0x0000000704200000| Untracked 
|  21|0x0000000704400000, 0x0000000704400000, 0x0000000704600000|  0%| F|  |TAMS 0x0000000704400000, 0x0000000704400000| Untracked 
|  22|0x0000000704600000, 0x0000000704600000, 0x0000000704800000|  0%| F|  |TAMS 0x0000000704600000, 0x0000000704600000| Untracked 
|  23|0x0000000704800000, 0x0000000704800000, 0x0000000704a00000|  0%| F|  |TAMS 0x0000000704800000, 0x0000000704800000| Untracked 
|  24|0x0000000704a00000, 0x0000000704a00000, 0x0000000704c00000|  0%| F|  |TAMS 0x0000000704a00000, 0x0000000704a00000| Untracked 
|  25|0x0000000704c00000, 0x0000000704c00000, 0x0000000704e00000|  0%| F|  |TAMS 0x0000000704c00000, 0x0000000704c00000| Untracked 
|  26|0x0000000704e00000, 0x0000000704e00000, 0x0000000705000000|  0%| F|  |TAMS 0x0000000704e00000, 0x0000000704e00000| Untracked 
|  27|0x0000000705000000, 0x0000000705000000, 0x0000000705200000|  0%| F|  |TAMS 0x0000000705000000, 0x0000000705000000| Untracked 
|  28|0x0000000705200000, 0x0000000705200000, 0x0000000705400000|  0%| F|  |TAMS 0x0000000705200000, 0x0000000705200000| Untracked 
|  29|0x0000000705400000, 0x0000000705400000, 0x0000000705600000|  0%| F|  |TAMS 0x0000000705400000, 0x0000000705400000| Untracked 
|  30|0x0000000705600000, 0x0000000705600000, 0x0000000705800000|  0%| F|  |TAMS 0x0000000705600000, 0x0000000705600000| Untracked 
|  31|0x0000000705800000, 0x0000000705800000, 0x0000000705a00000|  0%| F|  |TAMS 0x0000000705800000, 0x0000000705800000| Untracked 
|  32|0x0000000705a00000, 0x0000000705a00000, 0x0000000705c00000|  0%| F|  |TAMS 0x0000000705a00000, 0x0000000705a00000| Untracked 
|  33|0x0000000705c00000, 0x0000000705c00000, 0x0000000705e00000|  0%| F|  |TAMS 0x0000000705c00000, 0x0000000705c00000| Untracked 
|  34|0x0000000705e00000, 0x0000000705e00000, 0x0000000706000000|  0%| F|  |TAMS 0x0000000705e00000, 0x0000000705e00000| Untracked 
|  35|0x0000000706000000, 0x0000000706000000, 0x0000000706200000|  0%| F|  |TAMS 0x0000000706000000, 0x0000000706000000| Untracked 
|  36|0x0000000706200000, 0x0000000706200000, 0x0000000706400000|  0%| F|  |TAMS 0x0000000706200000, 0x0000000706200000| Untracked 
|  37|0x0000000706400000, 0x0000000706400000, 0x0000000706600000|  0%| F|  |TAMS 0x0000000706400000, 0x0000000706400000| Untracked 
|  38|0x0000000706600000, 0x0000000706600000, 0x0000000706800000|  0%| F|  |TAMS 0x0000000706600000, 0x0000000706600000| Untracked 
|  39|0x0000000706800000, 0x0000000706800000, 0x0000000706a00000|  0%| F|  |TAMS 0x0000000706800000, 0x0000000706800000| Untracked 
|  40|0x0000000706a00000, 0x0000000706a00000, 0x0000000706c00000|  0%| F|  |TAMS 0x0000000706a00000, 0x0000000706a00000| Untracked 
|  41|0x0000000706c00000, 0x0000000706c00000, 0x0000000706e00000|  0%| F|  |TAMS 0x0000000706c00000, 0x0000000706c00000| Untracked 
|  42|0x0000000706e00000, 0x0000000706e00000, 0x0000000707000000|  0%| F|  |TAMS 0x0000000706e00000, 0x0000000706e00000| Untracked 
|  43|0x0000000707000000, 0x0000000707000000, 0x0000000707200000|  0%| F|  |TAMS 0x0000000707000000, 0x0000000707000000| Untracked 
|  44|0x0000000707200000, 0x0000000707200000, 0x0000000707400000|  0%| F|  |TAMS 0x0000000707200000, 0x0000000707200000| Untracked 
|  45|0x0000000707400000, 0x0000000707400000, 0x0000000707600000|  0%| F|  |TAMS 0x0000000707400000, 0x0000000707400000| Untracked 
|  46|0x0000000707600000, 0x0000000707600000, 0x0000000707800000|  0%| F|  |TAMS 0x0000000707600000, 0x0000000707600000| Untracked 
|  47|0x0000000707800000, 0x0000000707800000, 0x0000000707a00000|  0%| F|  |TAMS 0x0000000707800000, 0x0000000707800000| Untracked 
|  48|0x0000000707a00000, 0x0000000707a00000, 0x0000000707c00000|  0%| F|  |TAMS 0x0000000707a00000, 0x0000000707a00000| Untracked 
|  49|0x0000000707c00000, 0x0000000707c00000, 0x0000000707e00000|  0%| F|  |TAMS 0x0000000707c00000, 0x0000000707c00000| Untracked 
|  50|0x0000000707e00000, 0x0000000707e00000, 0x0000000708000000|  0%| F|  |TAMS 0x0000000707e00000, 0x0000000707e00000| Untracked 
|  51|0x0000000708000000, 0x0000000708000000, 0x0000000708200000|  0%| F|  |TAMS 0x0000000708000000, 0x0000000708000000| Untracked 
|  52|0x0000000708200000, 0x0000000708200000, 0x0000000708400000|  0%| F|  |TAMS 0x0000000708200000, 0x0000000708200000| Untracked 
|  53|0x0000000708400000, 0x0000000708400000, 0x0000000708600000|  0%| F|  |TAMS 0x0000000708400000, 0x0000000708400000| Untracked 
|  54|0x0000000708600000, 0x0000000708600000, 0x0000000708800000|  0%| F|  |TAMS 0x0000000708600000, 0x0000000708600000| Untracked 
|  55|0x0000000708800000, 0x0000000708800000, 0x0000000708a00000|  0%| F|  |TAMS 0x0000000708800000, 0x0000000708800000| Untracked 
|  56|0x0000000708a00000, 0x0000000708a00000, 0x0000000708c00000|  0%| F|  |TAMS 0x0000000708a00000, 0x0000000708a00000| Untracked 
|  57|0x0000000708c00000, 0x0000000708c00000, 0x0000000708e00000|  0%| F|  |TAMS 0x0000000708c00000, 0x0000000708c00000| Untracked 
|  58|0x0000000708e00000, 0x0000000708e00000, 0x0000000709000000|  0%| F|  |TAMS 0x0000000708e00000, 0x0000000708e00000| Untracked 
|  59|0x0000000709000000, 0x0000000709000000, 0x0000000709200000|  0%| F|  |TAMS 0x0000000709000000, 0x0000000709000000| Untracked 
|  60|0x0000000709200000, 0x0000000709200000, 0x0000000709400000|  0%| F|  |TAMS 0x0000000709200000, 0x0000000709200000| Untracked 
|  61|0x0000000709400000, 0x0000000709400000, 0x0000000709600000|  0%| F|  |TAMS 0x0000000709400000, 0x0000000709400000| Untracked 
|  62|0x0000000709600000, 0x0000000709600000, 0x0000000709800000|  0%| F|  |TAMS 0x0000000709600000, 0x0000000709600000| Untracked 
|  63|0x0000000709800000, 0x0000000709800000, 0x0000000709a00000|  0%| F|  |TAMS 0x0000000709800000, 0x0000000709800000| Untracked 
|  64|0x0000000709a00000, 0x0000000709a00000, 0x0000000709c00000|  0%| F|  |TAMS 0x0000000709a00000, 0x0000000709a00000| Untracked 
|  65|0x0000000709c00000, 0x0000000709c00000, 0x0000000709e00000|  0%| F|  |TAMS 0x0000000709c00000, 0x0000000709c00000| Untracked 
|  66|0x0000000709e00000, 0x0000000709e00000, 0x000000070a000000|  0%| F|  |TAMS 0x0000000709e00000, 0x0000000709e00000| Untracked 
|  67|0x000000070a000000, 0x000000070a000000, 0x000000070a200000|  0%| F|  |TAMS 0x000000070a000000, 0x000000070a000000| Untracked 
|  68|0x000000070a200000, 0x000000070a200000, 0x000000070a400000|  0%| F|  |TAMS 0x000000070a200000, 0x000000070a200000| Untracked 
|  69|0x000000070a400000, 0x000000070a400000, 0x000000070a600000|  0%| F|  |TAMS 0x000000070a400000, 0x000000070a400000| Untracked 
|  70|0x000000070a600000, 0x000000070a600000, 0x000000070a800000|  0%| F|  |TAMS 0x000000070a600000, 0x000000070a600000| Untracked 
|  71|0x000000070a800000, 0x000000070a800000, 0x000000070aa00000|  0%| F|  |TAMS 0x000000070a800000, 0x000000070a800000| Untracked 
|  72|0x000000070aa00000, 0x000000070aa00000, 0x000000070ac00000|  0%| F|  |TAMS 0x000000070aa00000, 0x000000070aa00000| Untracked 
|  73|0x000000070ac00000, 0x000000070ac00000, 0x000000070ae00000|  0%| F|  |TAMS 0x000000070ac00000, 0x000000070ac00000| Untracked 
|  74|0x000000070ae00000, 0x000000070ae00000, 0x000000070b000000|  0%| F|  |TAMS 0x000000070ae00000, 0x000000070ae00000| Untracked 
|  75|0x000000070b000000, 0x000000070b000000, 0x000000070b200000|  0%| F|  |TAMS 0x000000070b000000, 0x000000070b000000| Untracked 
|  76|0x000000070b200000, 0x000000070b200000, 0x000000070b400000|  0%| F|  |TAMS 0x000000070b200000, 0x000000070b200000| Untracked 
|  77|0x000000070b400000, 0x000000070b400000, 0x000000070b600000|  0%| F|  |TAMS 0x000000070b400000, 0x000000070b400000| Untracked 
|  78|0x000000070b600000, 0x000000070b600000, 0x000000070b800000|  0%| F|  |TAMS 0x000000070b600000, 0x000000070b600000| Untracked 
|  79|0x000000070b800000, 0x000000070b800000, 0x000000070ba00000|  0%| F|  |TAMS 0x000000070b800000, 0x000000070b800000| Untracked 
|  80|0x000000070ba00000, 0x000000070ba00000, 0x000000070bc00000|  0%| F|  |TAMS 0x000000070ba00000, 0x000000070ba00000| Untracked 
|  81|0x000000070bc00000, 0x000000070bc00000, 0x000000070be00000|  0%| F|  |TAMS 0x000000070bc00000, 0x000000070bc00000| Untracked 
|  82|0x000000070be00000, 0x000000070be00000, 0x000000070c000000|  0%| F|  |TAMS 0x000000070be00000, 0x000000070be00000| Untracked 
|  83|0x000000070c000000, 0x000000070c000000, 0x000000070c200000|  0%| F|  |TAMS 0x000000070c000000, 0x000000070c000000| Untracked 
|  84|0x000000070c200000, 0x000000070c200000, 0x000000070c400000|  0%| F|  |TAMS 0x000000070c200000, 0x000000070c200000| Untracked 
|  85|0x000000070c400000, 0x000000070c400000, 0x000000070c600000|  0%| F|  |TAMS 0x000000070c400000, 0x000000070c400000| Untracked 
|  86|0x000000070c600000, 0x000000070c600000, 0x000000070c800000|  0%| F|  |TAMS 0x000000070c600000, 0x000000070c600000| Untracked 
|  87|0x000000070c800000, 0x000000070c800000, 0x000000070ca00000|  0%| F|  |TAMS 0x000000070c800000, 0x000000070c800000| Untracked 
|  88|0x000000070ca00000, 0x000000070ca00000, 0x000000070cc00000|  0%| F|  |TAMS 0x000000070ca00000, 0x000000070ca00000| Untracked 
|  89|0x000000070cc00000, 0x000000070cc00000, 0x000000070ce00000|  0%| F|  |TAMS 0x000000070cc00000, 0x000000070cc00000| Untracked 
|  90|0x000000070ce00000, 0x000000070ce00000, 0x000000070d000000|  0%| F|  |TAMS 0x000000070ce00000, 0x000000070ce00000| Untracked 
|  91|0x000000070d000000, 0x000000070d000000, 0x000000070d200000|  0%| F|  |TAMS 0x000000070d000000, 0x000000070d000000| Untracked 
|  92|0x000000070d200000, 0x000000070d200000, 0x000000070d400000|  0%| F|  |TAMS 0x000000070d200000, 0x000000070d200000| Untracked 
|  93|0x000000070d400000, 0x000000070d400000, 0x000000070d600000|  0%| F|  |TAMS 0x000000070d400000, 0x000000070d400000| Untracked 
|  94|0x000000070d600000, 0x000000070d600000, 0x000000070d800000|  0%| F|  |TAMS 0x000000070d600000, 0x000000070d600000| Untracked 
|  95|0x000000070d800000, 0x000000070d800000, 0x000000070da00000|  0%| F|  |TAMS 0x000000070d800000, 0x000000070d800000| Untracked 
|  96|0x000000070da00000, 0x000000070da00000, 0x000000070dc00000|  0%| F|  |TAMS 0x000000070da00000, 0x000000070da00000| Untracked 
|  97|0x000000070dc00000, 0x000000070dc00000, 0x000000070de00000|  0%| F|  |TAMS 0x000000070dc00000, 0x000000070dc00000| Untracked 
|  98|0x000000070de00000, 0x000000070de00000, 0x000000070e000000|  0%| F|  |TAMS 0x000000070de00000, 0x000000070de00000| Untracked 
|  99|0x000000070e000000, 0x000000070e000000, 0x000000070e200000|  0%| F|  |TAMS 0x000000070e000000, 0x000000070e000000| Untracked 
| 100|0x000000070e200000, 0x000000070e200000, 0x000000070e400000|  0%| F|  |TAMS 0x000000070e200000, 0x000000070e200000| Untracked 
| 101|0x000000070e400000, 0x000000070e400000, 0x000000070e600000|  0%| F|  |TAMS 0x000000070e400000, 0x000000070e400000| Untracked 
| 102|0x000000070e600000, 0x000000070e600000, 0x000000070e800000|  0%| F|  |TAMS 0x000000070e600000, 0x000000070e600000| Untracked 
| 103|0x000000070e800000, 0x000000070e800000, 0x000000070ea00000|  0%| F|  |TAMS 0x000000070e800000, 0x000000070e800000| Untracked 
| 104|0x000000070ea00000, 0x000000070ea00000, 0x000000070ec00000|  0%| F|  |TAMS 0x000000070ea00000, 0x000000070ea00000| Untracked 
| 105|0x000000070ec00000, 0x000000070ec00000, 0x000000070ee00000|  0%| F|  |TAMS 0x000000070ec00000, 0x000000070ec00000| Untracked 
| 106|0x000000070ee00000, 0x000000070ee00000, 0x000000070f000000|  0%| F|  |TAMS 0x000000070ee00000, 0x000000070ee00000| Untracked 
| 107|0x000000070f000000, 0x000000070f000000, 0x000000070f200000|  0%| F|  |TAMS 0x000000070f000000, 0x000000070f000000| Untracked 
| 108|0x000000070f200000, 0x000000070f200000, 0x000000070f400000|  0%| F|  |TAMS 0x000000070f200000, 0x000000070f200000| Untracked 
| 109|0x000000070f400000, 0x000000070f400000, 0x000000070f600000|  0%| F|  |TAMS 0x000000070f400000, 0x000000070f400000| Untracked 
| 110|0x000000070f600000, 0x000000070f600000, 0x000000070f800000|  0%| F|  |TAMS 0x000000070f600000, 0x000000070f600000| Untracked 
| 111|0x000000070f800000, 0x000000070f800000, 0x000000070fa00000|  0%| F|  |TAMS 0x000000070f800000, 0x000000070f800000| Untracked 
| 112|0x000000070fa00000, 0x000000070fa00000, 0x000000070fc00000|  0%| F|  |TAMS 0x000000070fa00000, 0x000000070fa00000| Untracked 
| 113|0x000000070fc00000, 0x000000070fc00000, 0x000000070fe00000|  0%| F|  |TAMS 0x000000070fc00000, 0x000000070fc00000| Untracked 
| 114|0x000000070fe00000, 0x000000070fe00000, 0x0000000710000000|  0%| F|  |TAMS 0x000000070fe00000, 0x000000070fe00000| Untracked 
| 115|0x0000000710000000, 0x0000000710061d50, 0x0000000710200000| 19%| S|CS|TAMS 0x0000000710000000, 0x0000000710000000| Complete 
| 116|0x0000000710200000, 0x0000000710400000, 0x0000000710400000|100%| S|CS|TAMS 0x0000000710200000, 0x0000000710200000| Complete 
| 117|0x0000000710400000, 0x0000000710400000, 0x0000000710600000|  0%| F|  |TAMS 0x0000000710400000, 0x0000000710400000| Untracked 
| 118|0x0000000710600000, 0x0000000710600000, 0x0000000710800000|  0%| F|  |TAMS 0x0000000710600000, 0x0000000710600000| Untracked 
| 119|0x0000000710800000, 0x0000000710800000, 0x0000000710a00000|  0%| F|  |TAMS 0x0000000710800000, 0x0000000710800000| Untracked 
| 120|0x0000000710a00000, 0x0000000710a00000, 0x0000000710c00000|  0%| F|  |TAMS 0x0000000710a00000, 0x0000000710a00000| Untracked 
| 121|0x0000000710c00000, 0x0000000710c526d8, 0x0000000710e00000| 16%| E|  |TAMS 0x0000000710c00000, 0x0000000710c00000| Complete 
| 122|0x0000000710e00000, 0x0000000711000000, 0x0000000711000000|100%| E|CS|TAMS 0x0000000710e00000, 0x0000000710e00000| Complete 
| 123|0x0000000711000000, 0x0000000711200000, 0x0000000711200000|100%| E|CS|TAMS 0x0000000711000000, 0x0000000711000000| Complete 
| 124|0x0000000711200000, 0x0000000711400000, 0x0000000711400000|100%| E|CS|TAMS 0x0000000711200000, 0x0000000711200000| Complete 
| 125|0x0000000711400000, 0x0000000711600000, 0x0000000711600000|100%| E|CS|TAMS 0x0000000711400000, 0x0000000711400000| Complete 
| 126|0x0000000711600000, 0x0000000711800000, 0x0000000711800000|100%| E|CS|TAMS 0x0000000711600000, 0x0000000711600000| Complete 
| 127|0x0000000711800000, 0x0000000711a00000, 0x0000000711a00000|100%| E|CS|TAMS 0x0000000711800000, 0x0000000711800000| Complete 

Card table byte_map: [0x00000241227a0000,0x0000024122fa0000] _byte_map_base: 0x000002411ef93000

Marking Bits (Prev, Next): (CMBitMap*) 0x000002410aa829c0, (CMBitMap*) 0x000002410aa82a00
 Prev Bits: [0x00000241237a0000, 0x0000024127738000)
 Next Bits: [0x0000024127740000, 0x000002412b6d8000)

Polling page: 0x000002410a210000

Metaspace:

Usage:
  Non-class:      9.61 MB capacity,     9.50 MB ( 99%) used,   102.02 KB (  1%) free+waste,    13.94 KB ( <1%) overhead. 
      Class:      1.07 MB capacity,     1.01 MB ( 94%) used,    55.84 KB (  5%) free+waste,     5.31 KB ( <1%) overhead. 
       Both:     10.69 MB capacity,    10.51 MB ( 98%) used,   157.86 KB (  1%) free+waste,    19.25 KB ( <1%) overhead. 

Virtual space:
  Non-class space:       10.00 MB reserved,       9.75 MB ( 98%) committed 
      Class space:        1.00 GB reserved,       1.12 MB ( <1%) committed 
             Both:        1.01 GB reserved,      10.88 MB (  1%) committed 

Chunk freelists:
   Non-Class:  13.00 KB
       Class:  21.00 KB
        Both:  34.00 KB

MaxMetaspaceSize: 17179869184.00 GB
CompressedClassSpaceSize: 1.00 GB

CodeHeap 'non-profiled nmethods': size=120000Kb used=463Kb max_used=463Kb free=119536Kb
 bounds [0x000002411a740000, 0x000002411a9b0000, 0x0000024121c70000]
CodeHeap 'profiled nmethods': size=120000Kb used=1627Kb max_used=1627Kb free=118372Kb
 bounds [0x0000024113210000, 0x0000024113480000, 0x000002411a740000]
CodeHeap 'non-nmethods': size=5760Kb used=1436Kb max_used=1481Kb free=4323Kb
 bounds [0x0000024112c70000, 0x0000024112ee0000, 0x0000024113210000]
 total_blobs=1831 nmethods=1057 adapters=687
 compilation: enabled
              stopped_count=0, restarted_count=0
 full_count=0

Compilation events (20 events):
Event: 3.240 Thread 0x000002412ea7f770 1049       1       java.util.concurrent.locks.AbstractQueuedSynchronizer::setState (6 bytes)
Event: 3.240 Thread 0x000002412ea7f770 nmethod 1049 0x000002411a7b3490 code [0x000002411a7b3620, 0x000002411a7b36d8]
Event: 3.401 Thread 0x000002412ea7f770 1050       3       java.security.AccessControlContext::combine (205 bytes)
Event: 3.402 Thread 0x000002412ea7f770 nmethod 1050 0x00000241133a0710 code [0x00000241133a0940, 0x00000241133a14b8]
Event: 3.476 Thread 0x000002412ea7f770 1051       3       sun.awt.AWTAccessor::getComponentAccessor (15 bytes)
Event: 3.477 Thread 0x000002412ea7f770 nmethod 1051 0x00000241133a1790 code [0x00000241133a1980, 0x00000241133a1d28]
Event: 3.551 Thread 0x000002412ea7f770 1052       3       sun.awt.SunToolkit::targetToAppContext (30 bytes)
Event: 3.551 Thread 0x000002412ea7f770 nmethod 1052 0x00000241133a1f10 code [0x00000241133a20e0, 0x00000241133a25d8]
Event: 3.551 Thread 0x000002412ea7f770 1053       3       sun.awt.SunToolkit::getAppContext (42 bytes)
Event: 3.552 Thread 0x000002412ea7f770 nmethod 1053 0x00000241133a2790 code [0x00000241133a2a20, 0x00000241133a3728]
Event: 3.689 Thread 0x000002412ea7f770 1054       3       java.security.AccessController::getContext (23 bytes)
Event: 3.690 Thread 0x000002412ea7f770 nmethod 1054 0x00000241133a3b90 code [0x00000241133a3d60, 0x00000241133a4018]
Event: 3.690 Thread 0x000002412ea7f770 1056       3       java.security.AccessControlContext::optimize (319 bytes)
Event: 3.691 Thread 0x000002412ea7f770 nmethod 1056 0x00000241133a4190 code [0x00000241133a4500, 0x00000241133a5a98]
Event: 3.838 Thread 0x000002412ea7f770 1057       3       java.awt.event.InputEvent::getModifiers (8 bytes)
Event: 3.838 Thread 0x000002412ea7f770 nmethod 1057 0x00000241133a6110 code [0x00000241133a62a0, 0x00000241133a6398]
Event: 11.121 Thread 0x000002412ea7f770 1058       3       java.util.concurrent.ConcurrentHashMap$BaseIterator::<init> (21 bytes)
Event: 11.121 Thread 0x000002412ea7f770 nmethod 1058 0x00000241133a6410 code [0x00000241133a65c0, 0x00000241133a6798]
Event: 11.121 Thread 0x000002412ea7f770 1059       3       java.util.concurrent.ConcurrentHashMap$Traverser::<init> (36 bytes)
Event: 11.122 Thread 0x000002412ea7f770 nmethod 1059 0x00000241133a6890 code [0x00000241133a6a40, 0x00000241133a6c38]

GC Heap History (2 events):
Event: 1.021 GC heap before
{Heap before GC invocations=0 (full 0):
 garbage-first heap   total 262144K, used 22528K [0x0000000701a00000, 0x0000000800000000)
  region size 2048K, 11 young (22528K), 0 survivors (0K)
 Metaspace       used 10462K, capacity 10612K, committed 10880K, reserved 1058816K
  class space    used 1016K, capacity 1097K, committed 1152K, reserved 1048576K
}
Event: 1.025 GC heap after
{Heap after GC invocations=1 (full 0):
 garbage-first heap   total 262144K, used 4487K [0x0000000701a00000, 0x0000000800000000)
  region size 2048K, 2 young (4096K), 2 survivors (4096K)
 Metaspace       used 10462K, capacity 10612K, committed 10880K, reserved 1058816K
  class space    used 1016K, capacity 1097K, committed 1152K, reserved 1048576K
}

Deoptimization events (20 events):
Event: 1.114 Thread 0x000002412f134440 DEOPT PACKING pc=0x000002411336c2a1 sp=0x000000a7765fe070
Event: 1.114 Thread 0x000002412f134440 DEOPT UNPACKING pc=0x0000024112cbe23f sp=0x000000a7765fd7b8 mode 0
Event: 1.116 Thread 0x000002412f134440 DEOPT PACKING pc=0x000002411336c2a1 sp=0x000000a7765fe070
Event: 1.116 Thread 0x000002412f134440 DEOPT UNPACKING pc=0x0000024112cbe23f sp=0x000000a7765fd7b8 mode 0
Event: 1.118 Thread 0x000002412f134440 DEOPT PACKING pc=0x000002411336c1f2 sp=0x000000a7765fe070
Event: 1.118 Thread 0x000002412f134440 DEOPT UNPACKING pc=0x0000024112cbe23f sp=0x000000a7765fd7b8 mode 0
Event: 1.120 Thread 0x000002412f134440 DEOPT PACKING pc=0x000002411336c1f2 sp=0x000000a7765fe070
Event: 1.120 Thread 0x000002412f134440 DEOPT UNPACKING pc=0x0000024112cbe23f sp=0x000000a7765fd7b8 mode 0
Event: 1.310 Thread 0x000002412f134440 DEOPT PACKING pc=0x000002411339d5f3 sp=0x000000a7765fe7f0
Event: 1.310 Thread 0x000002412f134440 DEOPT UNPACKING pc=0x0000024112cbe23f sp=0x000000a7765fdd28 mode 0
Event: 1.326 Thread 0x000002412f134440 DEOPT PACKING pc=0x000002411339d5f3 sp=0x000000a7765fe7f0
Event: 1.326 Thread 0x000002412f134440 DEOPT UNPACKING pc=0x0000024112cbe23f sp=0x000000a7765fdd28 mode 0
Event: 1.341 Thread 0x000002412f134440 DEOPT PACKING pc=0x000002411339d5f3 sp=0x000000a7765fe7f0
Event: 1.341 Thread 0x000002412f134440 DEOPT UNPACKING pc=0x0000024112cbe23f sp=0x000000a7765fdd28 mode 0
Event: 1.357 Thread 0x000002412f134440 DEOPT PACKING pc=0x000002411339d5f3 sp=0x000000a7765fe7f0
Event: 1.357 Thread 0x000002412f134440 DEOPT UNPACKING pc=0x0000024112cbe23f sp=0x000000a7765fdd28 mode 0
Event: 1.375 Thread 0x000002412f134440 DEOPT PACKING pc=0x000002411339d5f3 sp=0x000000a7765fe7f0
Event: 1.375 Thread 0x000002412f134440 DEOPT UNPACKING pc=0x0000024112cbe23f sp=0x000000a7765fdd28 mode 0
Event: 1.390 Thread 0x000002412f134440 DEOPT PACKING pc=0x000002411339d5f3 sp=0x000000a7765fe7f0
Event: 1.390 Thread 0x000002412f134440 DEOPT UNPACKING pc=0x0000024112cbe23f sp=0x000000a7765fdd28 mode 0

Classes unloaded (0 events):
No events

Classes redefined (0 events):
No events

Internal exceptions (16 events):
Event: 0.128 Thread 0x000002412ec677f0 Exception <a 'java/lang/NoSuchMethodError'{0x00000007116088f0}: 'java.lang.Object java.lang.invoke.DirectMethodHandle$Holder.invokeStatic(java.lang.Object)'> (0x00000007116088f0) 
thrown [./open/src/hotspot/share/interpreter/linkResolver.cpp, line 782]
Event: 0.129 Thread 0x000002412ec677f0 Exception <a 'java/lang/NoSuchMethodError'{0x000000071160c200}: 'java.lang.Object java.lang.invoke.DirectMethodHandle$Holder.invokeStaticInit(java.lang.Object)'> (0x000000071160c200) 
thrown [./open/src/hotspot/share/interpreter/linkResolver.cpp, line 782]
Event: 0.134 Thread 0x000002412ec677f0 Exception <a 'java/lang/NoSuchMethodError'{0x0000000711619428}: 'void java.lang.invoke.DirectMethodHandle$Holder.invokeStatic(java.lang.Object, java.lang.Object)'> (0x0000000711619428) 
thrown [./open/src/hotspot/share/interpreter/linkResolver.cpp, line 782]
Event: 0.136 Thread 0x000002410aa31990 Exception <a 'java/lang/NoSuchMethodError'{0x00000007119f9628}: 'void java.lang.invoke.DirectMethodHandle$Holder.invokeSpecial(java.lang.Object, java.lang.Object, java.lang.Object)'> (0x00000007119f9628) 
thrown [./open/src/hotspot/share/interpreter/linkResolver.cpp, line 782]
Event: 0.144 Thread 0x000002410aa31990 Exception <a 'java/lang/ClassNotFoundException'{0x0000000711680af0}: sun/awt/resources/spi/awtProvider> (0x0000000711680af0) 
thrown [./open/src/hotspot/share/classfile/systemDictionary.cpp, line 295]
Event: 0.165 Thread 0x000002410aa31990 Exception <a 'java/io/FileNotFoundException'{0x00000007116d7c30}> (0x00000007116d7c30) 
thrown [./open/src/hotspot/share/prims/jni.cpp, line 578]
Event: 0.173 Thread 0x000002410aa31990 Exception <a 'java/io/FileNotFoundException'{0x0000000711706a48}> (0x0000000711706a48) 
thrown [./open/src/hotspot/share/prims/jni.cpp, line 578]
Event: 0.247 Thread 0x000002410aa31990 Exception <a 'java/lang/NoSuchMethodError'{0x00000007117c2a38}: 'java.lang.Object java.lang.invoke.DirectMethodHandle$Holder.newInvokeSpecial(java.lang.Object, java.lang.Object, java.lang.Object, java.lang.Object, java.lang.Object)'> (0x00000007117c2a38) 
thrown [./open/src/hotspot/share/interpreter/linkResolver.cpp, line 782]
Event: 0.250 Thread 0x000002410aa31990 Exception <a 'java/lang/NoSuchMethodError'{0x000000071140b578}: 'java.lang.Object java.lang.invoke.DirectMethodHandle$Holder.invokeStatic(java.lang.Object, int, java.lang.Object, java.lang.Object, java.lang.Object, java.lang.Object)'> (0x000000071140b578) 
thrown [./open/src/hotspot/share/interpreter/linkResolver.cpp, line 782]
Event: 0.254 Thread 0x000002410aa31990 Exception <a 'java/lang/NoSuchMethodError'{0x0000000711431820}: 'java.lang.Object java.lang.invoke.DirectMethodHandle$Holder.invokeStatic(java.lang.Object, int, java.lang.Object)'> (0x0000000711431820) 
thrown [./open/src/hotspot/share/interpreter/linkResolver.cpp, line 782]
Event: 0.276 Thread 0x000002410aa31990 Exception <a 'java/lang/ClassNotFoundException'{0x00000007114ea090}: com/sun/swing/internal/plaf/metal/resources/spi/metalProvider> (0x00000007114ea090) 
thrown [./open/src/hotspot/share/classfile/systemDictionary.cpp, line 295]
Event: 0.277 Thread 0x000002410aa31990 Exception <a 'java/lang/ClassNotFoundException'{0x00000007114ee350}: com/sun/swing/internal/plaf/basic/resources/spi/basicProvider> (0x00000007114ee350) 
thrown [./open/src/hotspot/share/classfile/systemDictionary.cpp, line 295]
Event: 0.424 Thread 0x000002410aa31990 Exception <a 'java/lang/NoSuchMethodError'{0x00000007113521d0}: 'void java.lang.invoke.DirectMethodHandle$Holder.invokeStaticInit(java.lang.Object)'> (0x00000007113521d0) 
thrown [./open/src/hotspot/share/interpreter/linkResolver.cpp, line 782]
Event: 0.605 Thread 0x000002412f134440 Exception <a 'java/lang/NoSuchMethodError'{0x0000000710e11520}: 'void java.lang.invoke.DirectMethodHandle$Holder.invokeStaticInit(java.lang.Object, java.lang.Object)'> (0x0000000710e11520) 
thrown [./open/src/hotspot/share/interpreter/linkResolver.cpp, line 782]
Event: 0.614 Thread 0x000002412f134440 Exception <a 'java/lang/NoSuchMethodError'{0x0000000710e3e4d8}: 'java.lang.Object java.lang.invoke.DirectMethodHandle$Holder.invokeStaticInit(java.lang.Object, int, int, int, int)'> (0x0000000710e3e4d8) 
thrown [./open/src/hotspot/share/interpreter/linkResolver.cpp, line 782]
Event: 0.653 Thread 0x000002412f134440 Exception <a 'java/lang/NoSuchMethodError'{0x0000000710e822c0}: 'java.lang.Object java.lang.invoke.DirectMethodHandle$Holder.invokeStaticInit(java.lang.Object, java.lang.Object, int, int, int, int)'> (0x0000000710e822c0) 
thrown [./open/src/hotspot/share/interpreter/linkResolver.cpp, line 782]

Events (20 events):
Event: 1.299 loading class java/awt/event/MouseEvent$1
Event: 1.299 loading class sun/awt/AWTAccessor$MouseEventAccessor
Event: 1.299 loading class sun/awt/AWTAccessor$MouseEventAccessor done
Event: 1.299 loading class java/awt/event/MouseEvent$1 done
Event: 11.120 loading class jdk/internal/misc/Signal$1
Event: 11.120 loading class jdk/internal/misc/Signal$1 done
Event: 11.120 Thread 0x000002412f7169c0 Thread added: 0x000002412f7169c0
Event: 11.120 Thread 0x000002412f7139a0 Thread added: 0x000002412f7139a0
Event: 11.121 Thread 0x000002412f714810 Thread added: 0x000002412f714810
Event: 11.121 Thread 0x000002412f714ce0 Thread added: 0x000002412f714ce0
Event: 11.121 Thread 0x000002412f714810 Thread exited: 0x000002412f714810
Event: 11.121 loading class java/util/WeakHashMap$KeyIterator
Event: 11.121 loading class java/util/WeakHashMap$HashIterator
Event: 11.121 loading class java/util/WeakHashMap$HashIterator done
Event: 11.121 loading class java/util/WeakHashMap$KeyIterator done
Event: 11.121 Thread 0x000002412f714ce0 Thread exited: 0x000002412f714ce0
Event: 11.128 Thread 0x000002412f032b40 Thread exited: 0x000002412f032b40
Event: 11.233 Thread 0x000002412f7139a0 Thread exited: 0x000002412f7139a0
Event: 11.233 Executing VM operation: Exit
Event: 11.233 Thread 0x000002412ea749f0 Thread exited: 0x000002412ea749f0


Dynamic libraries:
0x00007ff693b30000 - 0x00007ff693b3f000 	D:\intellij\bin\java.exe
0x00007ffb602d0000 - 0x00007ffb604c8000 	C:\WINDOWS\SYSTEM32\ntdll.dll
0x00007ffb5f000000 - 0x00007ffb5f0bd000 	C:\WINDOWS\System32\KERNEL32.DLL
0x00007ffb5da50000 - 0x00007ffb5dd46000 	C:\WINDOWS\System32\KERNELBASE.dll
0x00007ffb5e080000 - 0x00007ffb5e180000 	C:\WINDOWS\System32\ucrtbase.dll
0x00007ffb58b90000 - 0x00007ffb58ba9000 	D:\intellij\bin\VCRUNTIME140.dll
0x00007ffb58bb0000 - 0x00007ffb58bc8000 	D:\intellij\bin\jli.dll
0x00007ffb5e330000 - 0x00007ffb5e3df000 	C:\WINDOWS\System32\ADVAPI32.dll
0x00007ffb5ee80000 - 0x00007ffb5ef1e000 	C:\WINDOWS\System32\msvcrt.dll
0x00007ffb601f0000 - 0x00007ffb6028c000 	C:\WINDOWS\System32\sechost.dll
0x00007ffb5f5e0000 - 0x00007ffb5f706000 	C:\WINDOWS\System32\RPCRT4.dll
0x00007ffb5ec60000 - 0x00007ffb5edfe000 	C:\WINDOWS\System32\USER32.dll
0x00007ffb5e050000 - 0x00007ffb5e072000 	C:\WINDOWS\System32\win32u.dll
0x00007ffb4d050000 - 0x00007ffb4d2ea000 	C:\WINDOWS\WinSxS\amd64_microsoft.windows.common-controls_6595b64144ccf1df_6.0.19041.3636_none_60b6a03d71f818d5\COMCTL32.dll
0x00007ffb60090000 - 0x00007ffb600bc000 	C:\WINDOWS\System32\GDI32.dll
0x00007ffb5dde0000 - 0x00007ffb5defa000 	C:\WINDOWS\System32\gdi32full.dll
0x00007ffb5df00000 - 0x00007ffb5df9d000 	C:\WINDOWS\System32\msvcp_win.dll
0x00007ffb58a90000 - 0x00007ffb58a9a000 	C:\WINDOWS\SYSTEM32\VERSION.dll
0x00007ffb5efd0000 - 0x00007ffb5f000000 	C:\WINDOWS\System32\IMM32.DLL
0x00007ffb5a9f0000 - 0x00007ffb5a9fc000 	D:\intellij\bin\vcruntime140_1.dll
0x00007ffb533c0000 - 0x00007ffb53451000 	D:\intellij\bin\msvcp140.dll
0x00007ffb102e0000 - 0x00007ffb10e3e000 	D:\intellij\bin\server\jvm.dll
0x00007ffb5f5d0000 - 0x00007ffb5f5d8000 	C:\WINDOWS\System32\PSAPI.DLL
0x00007ffb4e450000 - 0x00007ffb4e459000 	C:\WINDOWS\SYSTEM32\WSOCK32.dll
0x00007ffb54400000 - 0x00007ffb54427000 	C:\WINDOWS\SYSTEM32\WINMM.dll
0x00007ffb60020000 - 0x00007ffb6008b000 	C:\WINDOWS\System32\WS2_32.dll
0x00007ffb5c200000 - 0x00007ffb5c212000 	C:\WINDOWS\SYSTEM32\kernel.appcore.dll
0x00007ffb58f80000 - 0x00007ffb58f8a000 	D:\intellij\bin\jimage.dll
0x00007ffb5b760000 - 0x00007ffb5b944000 	C:\WINDOWS\SYSTEM32\DBGHELP.DLL
0x00007ffb47be0000 - 0x00007ffb47c14000 	C:\WINDOWS\SYSTEM32\dbgcore.DLL
0x00007ffb5dd50000 - 0x00007ffb5ddd2000 	C:\WINDOWS\System32\bcryptPrimitives.dll
0x00007ffb58c10000 - 0x00007ffb58c1e000 	D:\intellij\bin\instrument.dll
0x00007ffb577e0000 - 0x00007ffb57805000 	D:\intellij\bin\java.dll
0x00007ffb5e510000 - 0x00007ffb5ec54000 	C:\WINDOWS\System32\SHELL32.dll
0x00007ffb5ba50000 - 0x00007ffb5c1eb000 	C:\WINDOWS\SYSTEM32\windows.storage.dll
0x00007ffb5f7f0000 - 0x00007ffb5fb44000 	C:\WINDOWS\System32\combase.dll
0x00007ffb5d3f0000 - 0x00007ffb5d41d000 	C:\WINDOWS\SYSTEM32\Wldp.dll
0x00007ffb5ef20000 - 0x00007ffb5efcd000 	C:\WINDOWS\System32\SHCORE.dll
0x00007ffb5f4e0000 - 0x00007ffb5f535000 	C:\WINDOWS\System32\shlwapi.dll
0x00007ffb5d8e0000 - 0x00007ffb5d905000 	C:\WINDOWS\SYSTEM32\profapi.dll
0x00007ffb577a0000 - 0x00007ffb577b8000 	D:\intellij\bin\zip.dll
0x00007ffb57ec0000 - 0x00007ffb57ed9000 	D:\intellij\bin\net.dll
0x00007ffb56820000 - 0x00007ffb5692a000 	C:\WINDOWS\SYSTEM32\WINHTTP.dll
0x00007ffb5d150000 - 0x00007ffb5d1ba000 	C:\WINDOWS\system32\mswsock.dll
0x00007ffb577c0000 - 0x00007ffb577d2000 	D:\intellij\bin\nio.dll
0x00007ffb57780000 - 0x00007ffb5779a000 	D:\intellij\IntelliJ IDEA Community Edition 2023.2.1\bin\breakgen64.dll
0x00007ffb4fda0000 - 0x00007ffb4ff20000 	D:\intellij\bin\awt.dll
0x00007ffb5f0c0000 - 0x00007ffb5f18d000 	C:\WINDOWS\System32\OLEAUT32.dll
0x00007ffb5ab70000 - 0x00007ffb5ac00000 	C:\WINDOWS\SYSTEM32\apphelp.dll
0x00007ffb5b2e0000 - 0x00007ffb5b30f000 	C:\WINDOWS\system32\DWMAPI.DLL
0x00007ffb5af20000 - 0x00007ffb5afbe000 	C:\WINDOWS\system32\uxtheme.dll
0x00007ffb3b8f0000 - 0x00007ffb3ba15000 	C:\WINDOWS\system32\opengl32.dll
0x00007ffb3d490000 - 0x00007ffb3d4bc000 	C:\WINDOWS\SYSTEM32\GLU32.dll
0x00007ffb600c0000 - 0x00007ffb601d4000 	C:\WINDOWS\System32\MSCTF.dll
0x00007ffb5e3e0000 - 0x00007ffb5e50b000 	C:\WINDOWS\System32\ole32.dll
0x00007ffb57ae0000 - 0x00007ffb57af0000 	D:\intellij\bin\verify.dll
0x0000000010000000 - 0x000000001005a000 	C:\Users\Tech\Downloads\JOGLwin\JOGLwin\lib64\jogl.dll
0x000000006a800000 - 0x000000006a8c9000 	C:\WINDOWS\WinSxS\amd64_microsoft.vc80.crt_1fc8b3b9a1e18e3b_8.0.50727.9672_none_88e266cb2fac7c0d\MSVCR80.dll
0x00007ffb53330000 - 0x00007ffb533b5000 	D:\intellij\bin\freetype.dll
0x00007ffb1abb0000 - 0x00007ffb1ac59000 	D:\intellij\bin\fontmanager.dll
0x00007ffb4f520000 - 0x00007ffb4f61a000 	C:\WINDOWS\SYSTEM32\textinputframework.dll
0x00007ffb5a450000 - 0x00007ffb5a7ab000 	C:\WINDOWS\System32\CoreUIComponents.dll
0x00007ffb5a7b0000 - 0x00007ffb5a8a2000 	C:\WINDOWS\System32\CoreMessaging.dll
0x00007ffb5cb30000 - 0x00007ffb5cb63000 	C:\WINDOWS\SYSTEM32\ntmarta.dll
0x00007ffb59d80000 - 0x00007ffb59ed5000 	C:\WINDOWS\SYSTEM32\wintypes.dll
0x00007ffb53320000 - 0x00007ffb53327000 	D:\intellij\bin\jawt.dll
0x0000000000750000 - 0x0000000000757000 	C:\Users\Tech\Downloads\JOGLwin\JOGLwin\lib64\jogl_awt.dll
0x00007ffb5f190000 - 0x00007ffb5f239000 	C:\WINDOWS\System32\clbcatq.dll
0x00007ffafbaa0000 - 0x00007ffafc9b7000 	C:\WINDOWS\System32\DriverStore\FileRepository\igdlh64.inf_amd64_bf81fe4bbb266b4e\ig9icd64.dll
0x00007ffb5c270000 - 0x00007ffb5c363000 	C:\WINDOWS\system32\dxgi.dll
0x00007ffb4cd90000 - 0x00007ffb4cf34000 	C:\WINDOWS\System32\DriverStore\FileRepository\igdlh64.inf_amd64_bf81fe4bbb266b4e\igdgmm64.dll
0x00007ffb12b70000 - 0x00007ffb12ecb000 	C:\WINDOWS\System32\DriverStore\FileRepository\igdlh64.inf_amd64_bf81fe4bbb266b4e\igdml64.dll
0x00007ffb4a780000 - 0x00007ffb4cd81000 	C:\WINDOWS\System32\DriverStore\FileRepository\igdlh64.inf_amd64_bf81fe4bbb266b4e\igc64.dll
0x00007ffb5cf50000 - 0x00007ffb5cf9b000 	C:\WINDOWS\SYSTEM32\powrprof.dll
0x00007ffb5cdd0000 - 0x00007ffb5cde2000 	C:\WINDOWS\SYSTEM32\UMPDC.dll
0x00007ffb5d340000 - 0x00007ffb5d358000 	C:\WINDOWS\SYSTEM32\CRYPTSP.dll
0x00007ffb5ca10000 - 0x00007ffb5ca44000 	C:\WINDOWS\system32\rsaenh.dll
0x00007ffb5da20000 - 0x00007ffb5da47000 	C:\WINDOWS\System32\bcrypt.dll
0x00007ffb5d8a0000 - 0x00007ffb5d8ce000 	C:\WINDOWS\SYSTEM32\USERENV.dll
0x00007ffb5d360000 - 0x00007ffb5d36c000 	C:\WINDOWS\SYSTEM32\CRYPTBASE.dll
0x00007ffb5cdf0000 - 0x00007ffb5ce2b000 	C:\WINDOWS\SYSTEM32\IPHLPAPI.DLL
0x00007ffb601e0000 - 0x00007ffb601e8000 	C:\WINDOWS\System32\NSI.dll
0x00007ffb56de0000 - 0x00007ffb56df7000 	C:\WINDOWS\SYSTEM32\dhcpcsvc6.DLL
0x00007ffb576f0000 - 0x00007ffb5770d000 	C:\WINDOWS\SYSTEM32\dhcpcsvc.DLL
0x00007ffb5ce30000 - 0x00007ffb5cefa000 	C:\WINDOWS\SYSTEM32\DNSAPI.dll

dbghelp: loaded successfully - version: 4.0.5 - missing functions: none
symbol engine: initialized successfully - sym options: 0x614 - pdb path: .;D:\intellij\bin;C:\WINDOWS\SYSTEM32;C:\WINDOWS\WinSxS\amd64_microsoft.windows.common-controls_6595b64144ccf1df_6.0.19041.3636_none_60b6a03d71f818d5;D:\intellij\bin\server;D:\intellij\IntelliJ IDEA Community Edition 2023.2.1\bin;C:\Users\Tech\Downloads\JOGLwin\JOGLwin\lib64;C:\WINDOWS\WinSxS\amd64_microsoft.vc80.crt_1fc8b3b9a1e18e3b_8.0.50727.9672_none_88e266cb2fac7c0d;C:\WINDOWS\System32\DriverStore\FileRepository\igdlh64.inf_amd64_bf81fe4bbb266b4e

VM Arguments:
jvm_args: -Djava.library.path=C:\Users\Tech\Downloads\JOGLwin\JOGLwin\lib64 -javaagent:D:\intellij\IntelliJ IDEA Community Edition 2023.2.1\lib\idea_rt.jar=51072:D:\intellij\IntelliJ IDEA Community Edition 2023.2.1\bin -Dfile.encoding=UTF-8 
java_command: Chicken_Eggs
java_class_path (initial): C:\Users\Tech\IdeaProjects\comp_304\out\production\comp_304;C:\Users\Tech\Downloads\JOGLwin\JOGLwin\lib64\gluegen-rt.jar;C:\Users\Tech\Downloads\JOGLwin\JOGLwin\lib64\jogl.jar
Launcher Type: SUN_STANDARD

[Global flags]
     intx CICompilerCount                          = 4                                         {product} {ergonomic}
     uint ConcGCThreads                            = 2                                         {product} {ergonomic}
     uint G1ConcRefinementThreads                  = 8                                         {product} {ergonomic}
   size_t G1HeapRegionSize                         = 2097152                                   {product} {ergonomic}
    uintx GCDrainStackTargetSize                   = 64                                        {product} {ergonomic}
   size_t InitialHeapSize                          = 268435456                                 {product} {ergonomic}
   size_t MarkStackSize                            = 4194304                                   {product} {ergonomic}
   size_t MaxHeapSize                              = 4267704320                                {product} {ergonomic}
   size_t MaxNewSize                               = 2560622592                                {product} {ergonomic}
   size_t MinHeapDeltaBytes                        = 2097152                                   {product} {ergonomic}
   size_t MinHeapSize                              = 8388608                                   {product} {ergonomic}
    uintx NonNMethodCodeHeapSize                   = 5839372                                {pd product} {ergonomic}
    uintx NonProfiledCodeHeapSize                  = 122909434                              {pd product} {ergonomic}
    uintx ProfiledCodeHeapSize                     = 122909434                              {pd product} {ergonomic}
    uintx ReservedCodeCacheSize                    = 251658240                              {pd product} {ergonomic}
     bool SegmentedCodeCache                       = true                                      {product} {ergonomic}
   size_t SoftMaxHeapSize                          = 4267704320                             {manageable} {ergonomic}
     bool UseCompressedClassPointers               = true                                 {lp64_product} {ergonomic}
     bool UseCompressedOops                        = true                                 {lp64_product} {ergonomic}
     bool UseG1GC                                  = true                                      {product} {ergonomic}
     bool UseLargePagesIndividualAllocation        = false                                  {pd product} {ergonomic}

Logging:
Log output configuration:
 #0: stdout all=warning uptime,level,tags
 #1: stderr all=off uptime,level,tags

Environment Variables:
PATH=C:\app\Tech\product\21c\dbhomeXE\bin;C:\Program Files\Common Files\Oracle\Java\javapath;C:\WINDOWS\system32;C:\WINDOWS;C:\WINDOWS\System32\Wbem;C:\WINDOWS\System32\WindowsPowerShell\v1.0\;C:\WINDOWS\System32\OpenSSH\;C:\Program Files\nodejs\;C:\Aldec\Active-HDL-Student-Edition\bin;C:\Program Files\Git\cmd;C:\Users\Tech\AppData\Local\Microsoft\WindowsApps;;C:\Users\Tech\AppData\Local\Programs\Microsoft VS Code\bin;C:\Users\Tech\AppData\Roaming\npm
USERNAME=Tech
OS=Windows_NT
PROCESSOR_IDENTIFIER=Intel64 Family 6 Model 94 Stepping 3, GenuineIntel



---------------  S Y S T E M  ---------------

OS:
 Windows 10 , 64 bit Build 19041 (10.0.19041.3636)
OS uptime: 0 days 19:05 hours

CPU: total 8 (initial active 8) (4 cores per cpu, 2 threads per core) family 6 model 94 stepping 3 microcode 0xcc, cmov, cx8, fxsr, mmx, sse, sse2, sse3, ssse3, sse4.1, sse4.2, popcnt, vzeroupper, avx, avx2, aes, clmul, erms, rtm, 3dnowpref, lzcnt, ht, tsc, tscinvbit, bmi1, bmi2, adx, fma, clflush, clflushopt

Memory: 4k page, system-wide physical 16275M (7741M free)
TotalPageFile size 18707M (AvailPageFile size 7894M)
current process WorkingSet (physical memory assigned to process): 1748M, peak: 1754M
current process commit charge ("private bytes"): 2007M, peak: 2014M

vm_info: Java HotSpot(TM) 64-Bit Server VM (15.0.1+9-18) for windows-amd64 JRE (15.0.1+9-18), built on Sep 15 2020 14:43:54 by "mach5one" with unknown MS VC++:1925

END.
