#
# A fatal error has been detected by the Java Runtime Environment:
#
#  EXCEPTION_ACCESS_VIOLATION (0xc0000005) at pc=0x00007ffafbf76bce, pid=4772, tid=6960
#
# JRE version: Java(TM) SE Runtime Environment (15.0.1+9) (build 15.0.1+9-18)
# Java VM: Java HotSpot(TM) 64-Bit Server VM (15.0.1+9-18, mixed mode, sharing, tiered, compressed oops, g1 gc, windows-amd64)
# Problematic frame:
# C  [ig9icd64.dll+0x4d6bce]
#
# No core dump will be written. Minidumps are not enabled by default on client versions of Windows
#
# If you would like to submit a bug report, please visit:
#   https://bugreport.java.com/bugreport/crash.jsp
# The crash happened outside the Java Virtual Machine in native code.
# See problematic frame for where to report the bug.
#

---------------  S U M M A R Y ------------

Command Line: -Djava.library.path=C:\Users\Tech\Downloads\JOGLwin\JOGLwin\lib64 -javaagent:D:\intellij\IntelliJ IDEA Community Edition 2023.2.1\lib\idea_rt.jar=51002:D:\intellij\IntelliJ IDEA Community Edition 2023.2.1\bin -Dfile.encoding=UTF-8 Chicken_Eggs

Host: Intel(R) Core(TM) i7-6820HQ CPU @ 2.70GHz, 8 cores, 15G,  Windows 10 , 64 bit Build 19041 (10.0.19041.3636)
Time: Tue Dec  5 14:43:28 2023 Arabic Standard Time elapsed time: 61.818669 seconds (0d 0h 1m 1s)

---------------  T H R E A D  ---------------

Current thread (0x0000021c761d89f0):  JavaThread "AWT-EventQueue-0" [_thread_in_native, id=6960, stack(0x0000007295200000,0x0000007295300000)]

Stack: [0x0000007295200000,0x0000007295300000],  sp=0x00000072952fdf98,  free space=1015k
Native frames: (J=compiled Java code, j=interpreted, Vv=VM code, C=native code)
C  [ig9icd64.dll+0x4d6bce]

Java frames: (J=compiled Java code, j=interpreted, Vv=VM code)
J 1030  com.sun.opengl.impl.GLImpl.glBegin0(I)V (0 bytes) @ 0x0000021c6186d8eb [0x0000021c6186d8a0+0x000000000000004b]
J 1041% c2 assets.AnimGLEventListener7.display(Ljavax/media/opengl/GLAutoDrawable;)V (74 bytes) @ 0x0000021c61879778 [0x0000021c618795e0+0x0000000000000198]
j  com.sun.opengl.impl.GLDrawableHelper.display(Ljavax/media/opengl/GLAutoDrawable;)V+29
j  javax.media.opengl.GLCanvas$DisplayAction.run()V+80
j  com.sun.opengl.impl.GLDrawableHelper.invokeGL(Ljavax/media/opengl/GLDrawable;Ljavax/media/opengl/GLContext;Ljava/lang/Runnable;Ljava/lang/Runnable;)V+418
j  javax.media.opengl.GLCanvas$DisplayOnEventDispatchThreadAction.run()V+35
j  java.awt.event.InvocationEvent.dispatch()V+11 java.desktop@15.0.1
j  java.awt.EventQueue.dispatchEventImpl(Ljava/awt/AWTEvent;Ljava/lang/Object;)V+21 java.desktop@15.0.1
j  java.awt.EventQueue$4.run()Ljava/lang/Void;+32 java.desktop@15.0.1
j  java.awt.EventQueue$4.run()Ljava/lang/Object;+1 java.desktop@15.0.1
J 603 c1 java.security.AccessController.executePrivileged(Ljava/security/PrivilegedAction;Ljava/security/AccessControlContext;Ljava/lang/Class;)Ljava/lang/Object; java.base@15.0.1 (65 bytes) @ 0x0000021c5a3a0044 [0x0000021c5a39fee0+0x0000000000000164]
j  java.security.AccessController.doPrivileged(Ljava/security/PrivilegedAction;Ljava/security/AccessControlContext;)Ljava/lang/Object;+13 java.base@15.0.1
j  java.security.ProtectionDomain$JavaSecurityAccessImpl.doIntersectionPrivilege(Ljava/security/PrivilegedAction;Ljava/security/AccessControlContext;Ljava/security/AccessControlContext;)Ljava/lang/Object;+18 java.base@15.0.1
j  java.awt.EventQueue.dispatchEvent(Ljava/awt/AWTEvent;)V+46 java.desktop@15.0.1
j  java.awt.EventDispatchThread.pumpOneEventForFilters(I)V+78 java.desktop@15.0.1
j  java.awt.EventDispatchThread.pumpEventsForFilter(ILjava/awt/Conditional;Ljava/awt/EventFilter;)V+35 java.desktop@15.0.1
j  java.awt.EventDispatchThread.pumpEventsForHierarchy(ILjava/awt/Conditional;Ljava/awt/Component;)V+11 java.desktop@15.0.1
j  java.awt.EventDispatchThread.pumpEvents(ILjava/awt/Conditional;)V+4 java.desktop@15.0.1
j  java.awt.EventDispatchThread.pumpEvents(Ljava/awt/Conditional;)V+3 java.desktop@15.0.1
j  java.awt.EventDispatchThread.run()V+9 java.desktop@15.0.1
v  ~StubRoutines::call_stub

siginfo: EXCEPTION_ACCESS_VIOLATION (0xc0000005), reading address 0x00007ffe3c44bcc0


Register to memory mapping:

RIP=0x00007ffafbf76bce ig9icd64.dll
RAX=0x000000000fff0fff is an unknown value
RBX=0x00000072952fe4b0 is pointing into the stack for thread: 0x0000021c761d89f0
RCX=0x00007ffe3c44bc9c is an unknown value
RDX=0x00000072952fe4b0 is pointing into the stack for thread: 0x0000021c761d89f0
RSP=0x00000072952fdf98 is pointing into the stack for thread: 0x0000021c761d89f0
RBP=0x00000072952fe0a0 is pointing into the stack for thread: 0x0000021c761d89f0
RSI=0x0000021c767aafe0 points into unknown readable memory: 0x0000000000000000 | 00 00 00 00 00 00 00 00
RDI=0x00007ffafc757cd0 ig9icd64.dll
R8 =0x00000072952fe0d0 is pointing into the stack for thread: 0x0000021c761d89f0
R9 =0x00000072952fe4b0 is pointing into the stack for thread: 0x0000021c761d89f0
R10=0x00000072952fe2a0 is pointing into the stack for thread: 0x0000021c761d89f0
R11=0x0 is NULL
R12=0x0000000000000100 is an unknown value
R13=0x0 is NULL
R14=0x0000000000000001 is an unknown value
R15=0x0 is NULL


Registers:
RAX=0x000000000fff0fff, RBX=0x00000072952fe4b0, RCX=0x00007ffe3c44bc9c, RDX=0x00000072952fe4b0
RSP=0x00000072952fdf98, RBP=0x00000072952fe0a0, RSI=0x0000021c767aafe0, RDI=0x00007ffafc757cd0
R8 =0x00000072952fe0d0, R9 =0x00000072952fe4b0, R10=0x00000072952fe2a0, R11=0x0000000000000000
R12=0x0000000000000100, R13=0x0000000000000000, R14=0x0000000000000001, R15=0x0000000000000000
RIP=0x00007ffafbf76bce, EFLAGS=0x0000000000010206

Top of Stack: (sp=0x00000072952fdf98)
0x00000072952fdf98:   00007ffafbf704ae 00000072952fe4b0
0x00000072952fdfa8:   00000072952fe2a0 0000000000000000
0x00000072952fdfb8:   0000021d7265f670 0000000000000000
0x00000072952fdfc8:   0000021c75e47970 0000021c75d37df0
0x00000072952fdfd8:   00007ffb00000000 00000072952fe108
0x00000072952fdfe8:   00007ffafbbf834a 0000021c77cb0490
0x00000072952fdff8:   00000072952fe190 00000072952fe170
0x00000072952fe008:   00007ffafbbf89ea 0000000000000000
0x00000072952fe018:   00000072952fe110 00000072952fe108
0x00000072952fe028:   0000000000000000 00001f045f132da9
0x00000072952fe038:   0000000000000000 0000000000000000
0x00000072952fe048:   00007ffb602fb86b 00000000001a0328
0x00000072952fe058:   0000000000000059 0000021c77802d70
0x00000072952fe068:   0000000000000065 00000072952fe190
0x00000072952fe078:   0000000002300247 0000000000000000
0x00000072952fe088:   0000021c4fa30e40 00000072952fe190 

Instructions: (pc=0x00007ffafbf76bce)
0x00007ffafbf76ace:   4d 00 bf 64 4d 00 fe 69 4d 00 fe 69 4d 00 60 67
0x00007ffafbf76ade:   4d 00 60 67 4d 00 52 6a 4d 00 52 6a 4d 00 52 6a
0x00007ffafbf76aee:   4d 00 52 6a 4d 00 bf 64 4d 00 60 67 4d 00 60 67
0x00007ffafbf76afe:   4d 00 60 67 4d 00 60 67 4d 00 fe 69 4d 00 fe 69
0x00007ffafbf76b0e:   4d 00 cc cc cc cc cc cc cc cc cc cc cc cc cc cc
0x00007ffafbf76b1e:   cc cc 48 89 5c 24 08 48 89 7c 24 10 8b 41 5c 48
0x00007ffafbf76b2e:   8d 3d 9c 11 7e 00 41 89 40 08 4c 8b d1 8b 41 60
0x00007ffafbf76b3e:   45 33 db 41 89 40 0c 4c 8b ca 8b 41 64 41 89 40
0x00007ffafbf76b4e:   10 8b 41 68 41 89 40 14 8b 41 6c 41 89 40 18 8b
0x00007ffafbf76b5e:   41 70 41 89 40 1c 48 63 41 74 48 6b c8 34 48 03
0x00007ffafbf76b6e:   cf 8b 41 24 41 89 40 20 8b 41 28 41 89 40 24 8b
0x00007ffafbf76b7e:   41 2c 41 89 40 28 8b 41 30 41 89 40 2c 8b 41 14
0x00007ffafbf76b8e:   41 89 40 30 8b 41 18 41 89 40 34 8b 41 1c 41 89
0x00007ffafbf76b9e:   40 38 8b 41 20 41 89 40 3c 8b 41 04 41 89 40 40
0x00007ffafbf76bae:   8b 41 08 41 89 40 44 8b 41 0c 41 89 40 48 8b 41
0x00007ffafbf76bbe:   10 41 89 40 4c 49 63 42 78 48 6b c8 34 48 03 cf
0x00007ffafbf76bce:   8b 41 24 41 89 40 50 8b 41 28 41 89 40 54 8b 41
0x00007ffafbf76bde:   2c 41 89 40 58 8b 41 30 41 89 40 5c 8b 41 14 41
0x00007ffafbf76bee:   89 40 60 8b 41 18 41 89 40 64 8b 41 1c 41 89 40
0x00007ffafbf76bfe:   68 8b 41 20 41 89 40 6c 8b 41 04 41 89 40 70 8b
0x00007ffafbf76c0e:   41 08 41 89 40 74 8b 41 0c 41 89 40 78 8b 41 10
0x00007ffafbf76c1e:   41 89 40 7c 48 8b 42 18 8b 88 38 0b 00 00 f6 c1
0x00007ffafbf76c2e:   08 0f 84 86 00 00 00 8b 80 3c 0b 00 00 41 89 80
0x00007ffafbf76c3e:   80 00 00 00 48 8b 42 18 8b 88 40 0b 00 00 41 89
0x00007ffafbf76c4e:   88 84 00 00 00 48 8b 42 18 8b 88 44 0b 00 00 41
0x00007ffafbf76c5e:   89 88 88 00 00 00 48 8b 42 18 8b 88 48 0b 00 00
0x00007ffafbf76c6e:   41 89 88 8c 00 00 00 48 8b 42 18 8b 88 4c 0b 00
0x00007ffafbf76c7e:   00 41 89 88 90 00 00 00 48 8b 42 18 8b 88 50 0b
0x00007ffafbf76c8e:   00 00 41 89 88 94 00 00 00 48 8b 42 18 8b 88 54
0x00007ffafbf76c9e:   0b 00 00 41 89 88 98 00 00 00 48 8b 42 18 8b 88
0x00007ffafbf76cae:   58 0b 00 00 41 89 88 9c 00 00 00 eb 52 f6 c1 10
0x00007ffafbf76cbe:   74 4d 8b 80 5c 0b 00 00 41 89 80 80 00 00 00 41 


Stack slot to memory mapping:
stack at sp + 0 slots: 0x00007ffafbf704ae ig9icd64.dll
stack at sp + 1 slots: 0x00000072952fe4b0 is pointing into the stack for thread: 0x0000021c761d89f0
stack at sp + 2 slots: 0x00000072952fe2a0 is pointing into the stack for thread: 0x0000021c761d89f0
stack at sp + 3 slots: 0x0 is NULL
stack at sp + 4 slots: 0x0000021d7265f670 points into unknown readable memory: 0x0000021c767ae0f0 | f0 e0 7a 76 1c 02 00 00
stack at sp + 5 slots: 0x0 is NULL
stack at sp + 6 slots: 0x0000021c75e47970 points into unknown readable memory: 0x0000021c767ae0f0 | f0 e0 7a 76 1c 02 00 00
stack at sp + 7 slots: 0x0000021c75d37df0 points into unknown readable memory: 0x0000021c7672b470 | 70 b4 72 76 1c 02 00 00


---------------  P R O C E S S  ---------------

Threads class SMR info:
_java_thread_list=0x0000021c765f6380, length=16, elements={
0x0000021c7520c910, 0x0000021c7520d3f0, 0x0000021c75b254a0, 0x0000021c75b28d80,
0x0000021c75b31a50, 0x0000021c75b55910, 0x0000021c75b5e9e0, 0x0000021c75c5bbc0,
0x0000021c75e003e0, 0x0000021c75d5e590, 0x0000021c760717c0, 0x0000021c760b3ca0,
0x0000021c763bac20, 0x0000021c761d89f0, 0x0000021c767d4f90, 0x0000021c767d5460
}

Java Threads: ( => current thread )
  0x0000021c7520c910 JavaThread "Reference Handler" daemon [_thread_blocked, id=11780, stack(0x0000007294100000,0x0000007294200000)]
  0x0000021c7520d3f0 JavaThread "Finalizer" daemon [_thread_blocked, id=12412, stack(0x0000007294200000,0x0000007294300000)]
  0x0000021c75b254a0 JavaThread "Attach Listener" daemon [_thread_blocked, id=10948, stack(0x0000007294400000,0x0000007294500000)]
  0x0000021c75b28d80 JavaThread "Service Thread" daemon [_thread_blocked, id=11492, stack(0x0000007294500000,0x0000007294600000)]
  0x0000021c75b31a50 JavaThread "C2 CompilerThread0" daemon [_thread_blocked, id=8448, stack(0x0000007294600000,0x0000007294700000)]
  0x0000021c75b55910 JavaThread "C1 CompilerThread0" daemon [_thread_blocked, id=10892, stack(0x0000007294700000,0x0000007294800000)]
  0x0000021c75b5e9e0 JavaThread "Sweeper thread" daemon [_thread_blocked, id=10236, stack(0x0000007294800000,0x0000007294900000)]
  0x0000021c75c5bbc0 JavaThread "Common-Cleaner" daemon [_thread_blocked, id=4172, stack(0x0000007294900000,0x0000007294a00000)]
  0x0000021c75e003e0 JavaThread "Monitor Ctrl-Break" daemon [_thread_in_native, id=1868, stack(0x0000007294b00000,0x0000007294c00000)]
  0x0000021c75d5e590 JavaThread "Notification Thread" daemon [_thread_blocked, id=6308, stack(0x0000007294c00000,0x0000007294d00000)]
  0x0000021c760717c0 JavaThread "Java2D Disposer" daemon [_thread_blocked, id=10588, stack(0x0000007294e00000,0x0000007294f00000)]
  0x0000021c760b3ca0 JavaThread "AWT-Shutdown" [_thread_blocked, id=4728, stack(0x0000007294f00000,0x0000007295000000)]
  0x0000021c763bac20 JavaThread "Timer-0" [_thread_blocked, id=11732, stack(0x0000007295100000,0x0000007295200000)]
=>0x0000021c761d89f0 JavaThread "AWT-EventQueue-0" [_thread_in_native, id=6960, stack(0x0000007295200000,0x0000007295300000)]
  0x0000021c767d4f90 JavaThread "DestroyJavaVM" [_thread_blocked, id=1328, stack(0x0000007293a00000,0x0000007293b00000)]
  0x0000021c767d5460 JavaThread "SIGINT handler" daemon [_thread_blocked, id=11792, stack(0x0000007293700000,0x0000007293800000)]

Other Threads:
  0x0000021c75209170 VMThread "VM Thread" [stack: 0x0000007294000000,0x0000007294100000] [id=6372] _threads_hazard_ptr=0x0000021c765f6380
  0x0000021c51b3f1f0 GCTaskThread "GC Thread#0" [stack: 0x0000007293b00000,0x0000007293c00000] [id=10860]
  0x0000021c76073b10 GCTaskThread "GC Thread#1" [stack: 0x0000007295600000,0x0000007295700000] [id=3348]
  0x0000021c76072190 GCTaskThread "GC Thread#2" [stack: 0x0000007295700000,0x0000007295800000] [id=6192]
  0x0000021c76075af0 GCTaskThread "GC Thread#3" [stack: 0x0000007295800000,0x0000007295900000] [id=10796]
  0x0000021c76072b20 GCTaskThread "GC Thread#4" [stack: 0x0000007295900000,0x0000007295a00000] [id=11036]
  0x0000021c76073e40 GCTaskThread "GC Thread#5" [stack: 0x0000007295a00000,0x0000007295b00000] [id=4428]
  0x0000021c76074170 GCTaskThread "GC Thread#6" [stack: 0x0000007295b00000,0x0000007295c00000] [id=5288]
  0x0000021c760747d0 GCTaskThread "GC Thread#7" [stack: 0x0000007295c00000,0x0000007295d00000] [id=13104]
  0x0000021c51b519d0 ConcurrentGCThread "G1 Main Marker" [stack: 0x0000007293c00000,0x0000007293d00000] [id=11916]
  0x0000021c51b52550 ConcurrentGCThread "G1 Conc#0" [stack: 0x0000007293d00000,0x0000007293e00000] [id=10056]
  0x0000021c750820c0 ConcurrentGCThread "G1 Refine#0" [stack: 0x0000007293e00000,0x0000007293f00000] [id=6584]
  0x0000021c75082c50 ConcurrentGCThread "G1 Young RemSet Sampling" [stack: 0x0000007293f00000,0x0000007294000000] [id=11372]

Threads with active compile tasks:

VM state: at safepoint (normal execution)

VM Mutex/Monitor currently owned by a thread:  ([mutex/lock_event])
[0x0000021c51aea6e0] Threads_lock - owner thread: 0x0000021c75209170
[0x0000021c51aea1d0] Heap_lock - owner thread: 0x0000021c767d5460

Heap address: 0x0000000701a00000, size: 4070 MB, Compressed Oops mode: Zero based, Oop shift amount: 3
CDS archive(s) mapped at: [0x0000000800000000-0x0000000800b50000-0x0000000800b50000), size 11862016, SharedBaseAddress: 0x0000000800000000, ArchiveRelocationMode: 0.
Compressed class space mapped at: 0x0000000800b50000-0x0000000840b50000, size: 1073741824
Narrow klass base: 0x0000000800000000, Narrow klass shift: 3, Narrow klass range: 0x100000000

GC Precious Log:
 CPUs: 8 total, 8 available
 Memory: 16275M
 Large Page Support: Disabled
 NUMA Support: Disabled
 Compressed Oops: Enabled (Zero based)
 Heap Region Size: 2M
 Heap Min Capacity: 8M
 Heap Initial Capacity: 256M
 Heap Max Capacity: 4070M
 Pre-touch: Disabled
 Parallel Workers: 8
 Concurrent Workers: 2
 Concurrent Refinement Workers: 8
 Periodic GC: Disabled

Heap:
 garbage-first heap   total 262144K, used 16779K [0x0000000701a00000, 0x0000000800000000)
  region size 2048K, 9 young (18432K), 2 survivors (4096K)
 Metaspace       used 10735K, capacity 10878K, committed 11136K, reserved 1058816K
  class space    used 1038K, capacity 1099K, committed 1152K, reserved 1048576K

Heap Regions: E=young(eden), S=young(survivor), O=old, HS=humongous(starts), HC=humongous(continues), CS=collection set, F=free, OA=open archive, CA=closed archive, TAMS=top-at-mark-start (previous, next)
|   0|0x0000000701a00000, 0x0000000701c00000, 0x0000000701c00000|100%|HS|  |TAMS 0x0000000701a00000, 0x0000000701a00000| Complete 
|   1|0x0000000701c00000, 0x0000000701c00000, 0x0000000701e00000|  0%| F|  |TAMS 0x0000000701c00000, 0x0000000701c00000| Untracked 
|   2|0x0000000701e00000, 0x0000000701e00000, 0x0000000702000000|  0%| F|  |TAMS 0x0000000701e00000, 0x0000000701e00000| Untracked 
|   3|0x0000000702000000, 0x0000000702000000, 0x0000000702200000|  0%| F|  |TAMS 0x0000000702000000, 0x0000000702000000| Untracked 
|   4|0x0000000702200000, 0x0000000702200000, 0x0000000702400000|  0%| F|  |TAMS 0x0000000702200000, 0x0000000702200000| Untracked 
|   5|0x0000000702400000, 0x0000000702400000, 0x0000000702600000|  0%| F|  |TAMS 0x0000000702400000, 0x0000000702400000| Untracked 
|   6|0x0000000702600000, 0x0000000702600000, 0x0000000702800000|  0%| F|  |TAMS 0x0000000702600000, 0x0000000702600000| Untracked 
|   7|0x0000000702800000, 0x0000000702800000, 0x0000000702a00000|  0%| F|  |TAMS 0x0000000702800000, 0x0000000702800000| Untracked 
|   8|0x0000000702a00000, 0x0000000702a00000, 0x0000000702c00000|  0%| F|  |TAMS 0x0000000702a00000, 0x0000000702a00000| Untracked 
|   9|0x0000000702c00000, 0x0000000702c00000, 0x0000000702e00000|  0%| F|  |TAMS 0x0000000702c00000, 0x0000000702c00000| Untracked 
|  10|0x0000000702e00000, 0x0000000702e00000, 0x0000000703000000|  0%| F|  |TAMS 0x0000000702e00000, 0x0000000702e00000| Untracked 
|  11|0x0000000703000000, 0x0000000703000000, 0x0000000703200000|  0%| F|  |TAMS 0x0000000703000000, 0x0000000703000000| Untracked 
|  12|0x0000000703200000, 0x0000000703200000, 0x0000000703400000|  0%| F|  |TAMS 0x0000000703200000, 0x0000000703200000| Untracked 
|  13|0x0000000703400000, 0x0000000703400000, 0x0000000703600000|  0%| F|  |TAMS 0x0000000703400000, 0x0000000703400000| Untracked 
|  14|0x0000000703600000, 0x0000000703600000, 0x0000000703800000|  0%| F|  |TAMS 0x0000000703600000, 0x0000000703600000| Untracked 
|  15|0x0000000703800000, 0x0000000703800000, 0x0000000703a00000|  0%| F|  |TAMS 0x0000000703800000, 0x0000000703800000| Untracked 
|  16|0x0000000703a00000, 0x0000000703a00000, 0x0000000703c00000|  0%| F|  |TAMS 0x0000000703a00000, 0x0000000703a00000| Untracked 
|  17|0x0000000703c00000, 0x0000000703c00000, 0x0000000703e00000|  0%| F|  |TAMS 0x0000000703c00000, 0x0000000703c00000| Untracked 
|  18|0x0000000703e00000, 0x0000000703e00000, 0x0000000704000000|  0%| F|  |TAMS 0x0000000703e00000, 0x0000000703e00000| Untracked 
|  19|0x0000000704000000, 0x0000000704000000, 0x0000000704200000|  0%| F|  |TAMS 0x0000000704000000, 0x0000000704000000| Untracked 
|  20|0x0000000704200000, 0x0000000704200000, 0x0000000704400000|  0%| F|  |TAMS 0x0000000704200000, 0x0000000704200000| Untracked 
|  21|0x0000000704400000, 0x0000000704400000, 0x0000000704600000|  0%| F|  |TAMS 0x0000000704400000, 0x0000000704400000| Untracked 
|  22|0x0000000704600000, 0x0000000704600000, 0x0000000704800000|  0%| F|  |TAMS 0x0000000704600000, 0x0000000704600000| Untracked 
|  23|0x0000000704800000, 0x0000000704800000, 0x0000000704a00000|  0%| F|  |TAMS 0x0000000704800000, 0x0000000704800000| Untracked 
|  24|0x0000000704a00000, 0x0000000704a00000, 0x0000000704c00000|  0%| F|  |TAMS 0x0000000704a00000, 0x0000000704a00000| Untracked 
|  25|0x0000000704c00000, 0x0000000704c00000, 0x0000000704e00000|  0%| F|  |TAMS 0x0000000704c00000, 0x0000000704c00000| Untracked 
|  26|0x0000000704e00000, 0x0000000704e00000, 0x0000000705000000|  0%| F|  |TAMS 0x0000000704e00000, 0x0000000704e00000| Untracked 
|  27|0x0000000705000000, 0x0000000705000000, 0x0000000705200000|  0%| F|  |TAMS 0x0000000705000000, 0x0000000705000000| Untracked 
|  28|0x0000000705200000, 0x0000000705200000, 0x0000000705400000|  0%| F|  |TAMS 0x0000000705200000, 0x0000000705200000| Untracked 
|  29|0x0000000705400000, 0x0000000705400000, 0x0000000705600000|  0%| F|  |TAMS 0x0000000705400000, 0x0000000705400000| Untracked 
|  30|0x0000000705600000, 0x0000000705600000, 0x0000000705800000|  0%| F|  |TAMS 0x0000000705600000, 0x0000000705600000| Untracked 
|  31|0x0000000705800000, 0x0000000705800000, 0x0000000705a00000|  0%| F|  |TAMS 0x0000000705800000, 0x0000000705800000| Untracked 
|  32|0x0000000705a00000, 0x0000000705a00000, 0x0000000705c00000|  0%| F|  |TAMS 0x0000000705a00000, 0x0000000705a00000| Untracked 
|  33|0x0000000705c00000, 0x0000000705c00000, 0x0000000705e00000|  0%| F|  |TAMS 0x0000000705c00000, 0x0000000705c00000| Untracked 
|  34|0x0000000705e00000, 0x0000000705e00000, 0x0000000706000000|  0%| F|  |TAMS 0x0000000705e00000, 0x0000000705e00000| Untracked 
|  35|0x0000000706000000, 0x0000000706000000, 0x0000000706200000|  0%| F|  |TAMS 0x0000000706000000, 0x0000000706000000| Untracked 
|  36|0x0000000706200000, 0x0000000706200000, 0x0000000706400000|  0%| F|  |TAMS 0x0000000706200000, 0x0000000706200000| Untracked 
|  37|0x0000000706400000, 0x0000000706400000, 0x0000000706600000|  0%| F|  |TAMS 0x0000000706400000, 0x0000000706400000| Untracked 
|  38|0x0000000706600000, 0x0000000706600000, 0x0000000706800000|  0%| F|  |TAMS 0x0000000706600000, 0x0000000706600000| Untracked 
|  39|0x0000000706800000, 0x0000000706800000, 0x0000000706a00000|  0%| F|  |TAMS 0x0000000706800000, 0x0000000706800000| Untracked 
|  40|0x0000000706a00000, 0x0000000706a00000, 0x0000000706c00000|  0%| F|  |TAMS 0x0000000706a00000, 0x0000000706a00000| Untracked 
|  41|0x0000000706c00000, 0x0000000706c00000, 0x0000000706e00000|  0%| F|  |TAMS 0x0000000706c00000, 0x0000000706c00000| Untracked 
|  42|0x0000000706e00000, 0x0000000706e00000, 0x0000000707000000|  0%| F|  |TAMS 0x0000000706e00000, 0x0000000706e00000| Untracked 
|  43|0x0000000707000000, 0x0000000707000000, 0x0000000707200000|  0%| F|  |TAMS 0x0000000707000000, 0x0000000707000000| Untracked 
|  44|0x0000000707200000, 0x0000000707200000, 0x0000000707400000|  0%| F|  |TAMS 0x0000000707200000, 0x0000000707200000| Untracked 
|  45|0x0000000707400000, 0x0000000707400000, 0x0000000707600000|  0%| F|  |TAMS 0x0000000707400000, 0x0000000707400000| Untracked 
|  46|0x0000000707600000, 0x0000000707600000, 0x0000000707800000|  0%| F|  |TAMS 0x0000000707600000, 0x0000000707600000| Untracked 
|  47|0x0000000707800000, 0x0000000707800000, 0x0000000707a00000|  0%| F|  |TAMS 0x0000000707800000, 0x0000000707800000| Untracked 
|  48|0x0000000707a00000, 0x0000000707a00000, 0x0000000707c00000|  0%| F|  |TAMS 0x0000000707a00000, 0x0000000707a00000| Untracked 
|  49|0x0000000707c00000, 0x0000000707c00000, 0x0000000707e00000|  0%| F|  |TAMS 0x0000000707c00000, 0x0000000707c00000| Untracked 
|  50|0x0000000707e00000, 0x0000000707e00000, 0x0000000708000000|  0%| F|  |TAMS 0x0000000707e00000, 0x0000000707e00000| Untracked 
|  51|0x0000000708000000, 0x0000000708000000, 0x0000000708200000|  0%| F|  |TAMS 0x0000000708000000, 0x0000000708000000| Untracked 
|  52|0x0000000708200000, 0x0000000708200000, 0x0000000708400000|  0%| F|  |TAMS 0x0000000708200000, 0x0000000708200000| Untracked 
|  53|0x0000000708400000, 0x0000000708400000, 0x0000000708600000|  0%| F|  |TAMS 0x0000000708400000, 0x0000000708400000| Untracked 
|  54|0x0000000708600000, 0x0000000708600000, 0x0000000708800000|  0%| F|  |TAMS 0x0000000708600000, 0x0000000708600000| Untracked 
|  55|0x0000000708800000, 0x0000000708800000, 0x0000000708a00000|  0%| F|  |TAMS 0x0000000708800000, 0x0000000708800000| Untracked 
|  56|0x0000000708a00000, 0x0000000708a00000, 0x0000000708c00000|  0%| F|  |TAMS 0x0000000708a00000, 0x0000000708a00000| Untracked 
|  57|0x0000000708c00000, 0x0000000708c00000, 0x0000000708e00000|  0%| F|  |TAMS 0x0000000708c00000, 0x0000000708c00000| Untracked 
|  58|0x0000000708e00000, 0x0000000708e00000, 0x0000000709000000|  0%| F|  |TAMS 0x0000000708e00000, 0x0000000708e00000| Untracked 
|  59|0x0000000709000000, 0x0000000709000000, 0x0000000709200000|  0%| F|  |TAMS 0x0000000709000000, 0x0000000709000000| Untracked 
|  60|0x0000000709200000, 0x0000000709200000, 0x0000000709400000|  0%| F|  |TAMS 0x0000000709200000, 0x0000000709200000| Untracked 
|  61|0x0000000709400000, 0x0000000709400000, 0x0000000709600000|  0%| F|  |TAMS 0x0000000709400000, 0x0000000709400000| Untracked 
|  62|0x0000000709600000, 0x0000000709600000, 0x0000000709800000|  0%| F|  |TAMS 0x0000000709600000, 0x0000000709600000| Untracked 
|  63|0x0000000709800000, 0x0000000709800000, 0x0000000709a00000|  0%| F|  |TAMS 0x0000000709800000, 0x0000000709800000| Untracked 
|  64|0x0000000709a00000, 0x0000000709a00000, 0x0000000709c00000|  0%| F|  |TAMS 0x0000000709a00000, 0x0000000709a00000| Untracked 
|  65|0x0000000709c00000, 0x0000000709c00000, 0x0000000709e00000|  0%| F|  |TAMS 0x0000000709c00000, 0x0000000709c00000| Untracked 
|  66|0x0000000709e00000, 0x0000000709e00000, 0x000000070a000000|  0%| F|  |TAMS 0x0000000709e00000, 0x0000000709e00000| Untracked 
|  67|0x000000070a000000, 0x000000070a000000, 0x000000070a200000|  0%| F|  |TAMS 0x000000070a000000, 0x000000070a000000| Untracked 
|  68|0x000000070a200000, 0x000000070a200000, 0x000000070a400000|  0%| F|  |TAMS 0x000000070a200000, 0x000000070a200000| Untracked 
|  69|0x000000070a400000, 0x000000070a400000, 0x000000070a600000|  0%| F|  |TAMS 0x000000070a400000, 0x000000070a400000| Untracked 
|  70|0x000000070a600000, 0x000000070a600000, 0x000000070a800000|  0%| F|  |TAMS 0x000000070a600000, 0x000000070a600000| Untracked 
|  71|0x000000070a800000, 0x000000070a800000, 0x000000070aa00000|  0%| F|  |TAMS 0x000000070a800000, 0x000000070a800000| Untracked 
|  72|0x000000070aa00000, 0x000000070aa00000, 0x000000070ac00000|  0%| F|  |TAMS 0x000000070aa00000, 0x000000070aa00000| Untracked 
|  73|0x000000070ac00000, 0x000000070ac00000, 0x000000070ae00000|  0%| F|  |TAMS 0x000000070ac00000, 0x000000070ac00000| Untracked 
|  74|0x000000070ae00000, 0x000000070ae00000, 0x000000070b000000|  0%| F|  |TAMS 0x000000070ae00000, 0x000000070ae00000| Untracked 
|  75|0x000000070b000000, 0x000000070b000000, 0x000000070b200000|  0%| F|  |TAMS 0x000000070b000000, 0x000000070b000000| Untracked 
|  76|0x000000070b200000, 0x000000070b200000, 0x000000070b400000|  0%| F|  |TAMS 0x000000070b200000, 0x000000070b200000| Untracked 
|  77|0x000000070b400000, 0x000000070b400000, 0x000000070b600000|  0%| F|  |TAMS 0x000000070b400000, 0x000000070b400000| Untracked 
|  78|0x000000070b600000, 0x000000070b600000, 0x000000070b800000|  0%| F|  |TAMS 0x000000070b600000, 0x000000070b600000| Untracked 
|  79|0x000000070b800000, 0x000000070b800000, 0x000000070ba00000|  0%| F|  |TAMS 0x000000070b800000, 0x000000070b800000| Untracked 
|  80|0x000000070ba00000, 0x000000070ba00000, 0x000000070bc00000|  0%| F|  |TAMS 0x000000070ba00000, 0x000000070ba00000| Untracked 
|  81|0x000000070bc00000, 0x000000070bc00000, 0x000000070be00000|  0%| F|  |TAMS 0x000000070bc00000, 0x000000070bc00000| Untracked 
|  82|0x000000070be00000, 0x000000070be00000, 0x000000070c000000|  0%| F|  |TAMS 0x000000070be00000, 0x000000070be00000| Untracked 
|  83|0x000000070c000000, 0x000000070c000000, 0x000000070c200000|  0%| F|  |TAMS 0x000000070c000000, 0x000000070c000000| Untracked 
|  84|0x000000070c200000, 0x000000070c200000, 0x000000070c400000|  0%| F|  |TAMS 0x000000070c200000, 0x000000070c200000| Untracked 
|  85|0x000000070c400000, 0x000000070c400000, 0x000000070c600000|  0%| F|  |TAMS 0x000000070c400000, 0x000000070c400000| Untracked 
|  86|0x000000070c600000, 0x000000070c600000, 0x000000070c800000|  0%| F|  |TAMS 0x000000070c600000, 0x000000070c600000| Untracked 
|  87|0x000000070c800000, 0x000000070c800000, 0x000000070ca00000|  0%| F|  |TAMS 0x000000070c800000, 0x000000070c800000| Untracked 
|  88|0x000000070ca00000, 0x000000070ca00000, 0x000000070cc00000|  0%| F|  |TAMS 0x000000070ca00000, 0x000000070ca00000| Untracked 
|  89|0x000000070cc00000, 0x000000070cc00000, 0x000000070ce00000|  0%| F|  |TAMS 0x000000070cc00000, 0x000000070cc00000| Untracked 
|  90|0x000000070ce00000, 0x000000070ce00000, 0x000000070d000000|  0%| F|  |TAMS 0x000000070ce00000, 0x000000070ce00000| Untracked 
|  91|0x000000070d000000, 0x000000070d000000, 0x000000070d200000|  0%| F|  |TAMS 0x000000070d000000, 0x000000070d000000| Untracked 
|  92|0x000000070d200000, 0x000000070d200000, 0x000000070d400000|  0%| F|  |TAMS 0x000000070d200000, 0x000000070d200000| Untracked 
|  93|0x000000070d400000, 0x000000070d400000, 0x000000070d600000|  0%| F|  |TAMS 0x000000070d400000, 0x000000070d400000| Untracked 
|  94|0x000000070d600000, 0x000000070d600000, 0x000000070d800000|  0%| F|  |TAMS 0x000000070d600000, 0x000000070d600000| Untracked 
|  95|0x000000070d800000, 0x000000070d800000, 0x000000070da00000|  0%| F|  |TAMS 0x000000070d800000, 0x000000070d800000| Untracked 
|  96|0x000000070da00000, 0x000000070da00000, 0x000000070dc00000|  0%| F|  |TAMS 0x000000070da00000, 0x000000070da00000| Untracked 
|  97|0x000000070dc00000, 0x000000070dc00000, 0x000000070de00000|  0%| F|  |TAMS 0x000000070dc00000, 0x000000070dc00000| Untracked 
|  98|0x000000070de00000, 0x000000070de00000, 0x000000070e000000|  0%| F|  |TAMS 0x000000070de00000, 0x000000070de00000| Untracked 
|  99|0x000000070e000000, 0x000000070e000000, 0x000000070e200000|  0%| F|  |TAMS 0x000000070e000000, 0x000000070e000000| Untracked 
| 100|0x000000070e200000, 0x000000070e200000, 0x000000070e400000|  0%| F|  |TAMS 0x000000070e200000, 0x000000070e200000| Untracked 
| 101|0x000000070e400000, 0x000000070e400000, 0x000000070e600000|  0%| F|  |TAMS 0x000000070e400000, 0x000000070e400000| Untracked 
| 102|0x000000070e600000, 0x000000070e600000, 0x000000070e800000|  0%| F|  |TAMS 0x000000070e600000, 0x000000070e600000| Untracked 
| 103|0x000000070e800000, 0x000000070e800000, 0x000000070ea00000|  0%| F|  |TAMS 0x000000070e800000, 0x000000070e800000| Untracked 
| 104|0x000000070ea00000, 0x000000070ea00000, 0x000000070ec00000|  0%| F|  |TAMS 0x000000070ea00000, 0x000000070ea00000| Untracked 
| 105|0x000000070ec00000, 0x000000070ec00000, 0x000000070ee00000|  0%| F|  |TAMS 0x000000070ec00000, 0x000000070ec00000| Untracked 
| 106|0x000000070ee00000, 0x000000070ee00000, 0x000000070f000000|  0%| F|  |TAMS 0x000000070ee00000, 0x000000070ee00000| Untracked 
| 107|0x000000070f000000, 0x000000070f000000, 0x000000070f200000|  0%| F|  |TAMS 0x000000070f000000, 0x000000070f000000| Untracked 
| 108|0x000000070f200000, 0x000000070f200000, 0x000000070f400000|  0%| F|  |TAMS 0x000000070f200000, 0x000000070f200000| Untracked 
| 109|0x000000070f400000, 0x000000070f400000, 0x000000070f600000|  0%| F|  |TAMS 0x000000070f400000, 0x000000070f400000| Untracked 
| 110|0x000000070f600000, 0x000000070f600000, 0x000000070f800000|  0%| F|  |TAMS 0x000000070f600000, 0x000000070f600000| Untracked 
| 111|0x000000070f800000, 0x000000070f800000, 0x000000070fa00000|  0%| F|  |TAMS 0x000000070f800000, 0x000000070f800000| Untracked 
| 112|0x000000070fa00000, 0x000000070fa00000, 0x000000070fc00000|  0%| F|  |TAMS 0x000000070fa00000, 0x000000070fa00000| Untracked 
| 113|0x000000070fc00000, 0x000000070fc00000, 0x000000070fe00000|  0%| F|  |TAMS 0x000000070fc00000, 0x000000070fc00000| Untracked 
| 114|0x000000070fe00000, 0x000000070fe00000, 0x0000000710000000|  0%| F|  |TAMS 0x000000070fe00000, 0x000000070fe00000| Untracked 
| 115|0x0000000710000000, 0x0000000710062c88, 0x0000000710200000| 19%| S|CS|TAMS 0x0000000710000000, 0x0000000710000000| Complete 
| 116|0x0000000710200000, 0x0000000710400000, 0x0000000710400000|100%| S|CS|TAMS 0x0000000710200000, 0x0000000710200000| Complete 
| 117|0x0000000710400000, 0x0000000710400000, 0x0000000710600000|  0%| F|  |TAMS 0x0000000710400000, 0x0000000710400000| Untracked 
| 118|0x0000000710600000, 0x0000000710600000, 0x0000000710800000|  0%| F|  |TAMS 0x0000000710600000, 0x0000000710600000| Untracked 
| 119|0x0000000710800000, 0x0000000710800000, 0x0000000710a00000|  0%| F|  |TAMS 0x0000000710800000, 0x0000000710800000| Untracked 
| 120|0x0000000710a00000, 0x0000000710a00000, 0x0000000710c00000|  0%| F|  |TAMS 0x0000000710a00000, 0x0000000710a00000| Untracked 
| 121|0x0000000710c00000, 0x0000000710c526d8, 0x0000000710e00000| 16%| E|  |TAMS 0x0000000710c00000, 0x0000000710c00000| Complete 
| 122|0x0000000710e00000, 0x0000000711000000, 0x0000000711000000|100%| E|CS|TAMS 0x0000000710e00000, 0x0000000710e00000| Complete 
| 123|0x0000000711000000, 0x0000000711200000, 0x0000000711200000|100%| E|CS|TAMS 0x0000000711000000, 0x0000000711000000| Complete 
| 124|0x0000000711200000, 0x0000000711400000, 0x0000000711400000|100%| E|CS|TAMS 0x0000000711200000, 0x0000000711200000| Complete 
| 125|0x0000000711400000, 0x0000000711600000, 0x0000000711600000|100%| E|CS|TAMS 0x0000000711400000, 0x0000000711400000| Complete 
| 126|0x0000000711600000, 0x0000000711800000, 0x0000000711800000|100%| E|CS|TAMS 0x0000000711600000, 0x0000000711600000| Complete 
| 127|0x0000000711800000, 0x0000000711a00000, 0x0000000711a00000|100%| E|CS|TAMS 0x0000000711800000, 0x0000000711800000| Complete 

Card table byte_map: [0x0000021c69860000,0x0000021c6a060000] _byte_map_base: 0x0000021c66053000

Marking Bits (Prev, Next): (CMBitMap*) 0x0000021c51b40980, (CMBitMap*) 0x0000021c51b409c0
 Prev Bits: [0x0000021c6a860000, 0x0000021c6e7f8000)
 Next Bits: [0x0000021c6e800000, 0x0000021c72798000)

Polling page: 0x0000021c4fae0000

Metaspace:

Usage:
  Non-class:      9.55 MB capacity,     9.47 MB (>99%) used,    68.76 KB ( <1%) free+waste,    13.88 KB ( <1%) overhead. 
      Class:      1.07 MB capacity,     1.01 MB ( 95%) used,    55.05 KB (  5%) free+waste,     5.31 KB ( <1%) overhead. 
       Both:     10.62 MB capacity,    10.48 MB ( 99%) used,   123.81 KB (  1%) free+waste,    19.19 KB ( <1%) overhead. 

Virtual space:
  Non-class space:       10.00 MB reserved,       9.75 MB ( 98%) committed 
      Class space:        1.00 GB reserved,       1.12 MB ( <1%) committed 
             Both:        1.01 GB reserved,      10.88 MB (  1%) committed 

Chunk freelists:
   Non-Class:  13.00 KB
       Class:  21.00 KB
        Both:  34.00 KB

MaxMetaspaceSize: 17179869184.00 GB
CompressedClassSpaceSize: 1.00 GB

CodeHeap 'non-profiled nmethods': size=120000Kb used=495Kb max_used=495Kb free=119504Kb
 bounds [0x0000021c61800000, 0x0000021c61a70000, 0x0000021c68d30000]
CodeHeap 'profiled nmethods': size=120000Kb used=1581Kb max_used=1581Kb free=118418Kb
 bounds [0x0000021c5a2d0000, 0x0000021c5a540000, 0x0000021c61800000]
CodeHeap 'non-nmethods': size=5760Kb used=1436Kb max_used=1482Kb free=4323Kb
 bounds [0x0000021c59d30000, 0x0000021c59fa0000, 0x0000021c5a2d0000]
 total_blobs=1838 nmethods=1064 adapters=687
 compilation: enabled
              stopped_count=0, restarted_count=0
 full_count=0

Compilation events (20 events):
Event: 6.413 Thread 0x0000021c75b55910 1053       1       java.util.concurrent.locks.AbstractQueuedSynchronizer::setState (6 bytes)
Event: 6.413 Thread 0x0000021c75b55910 nmethod 1053 0x0000021c6187b010 code [0x0000021c6187b1a0, 0x0000021c6187b258]
Event: 6.611 Thread 0x0000021c75b55910 1054       3       java.security.AccessController::getContext (23 bytes)
Event: 6.612 Thread 0x0000021c75b55910 nmethod 1054 0x0000021c5a455910 code [0x0000021c5a455ae0, 0x0000021c5a455d98]
Event: 6.612 Thread 0x0000021c75b55910 1056       3       java.security.AccessControlContext::optimize (319 bytes)
Event: 6.613 Thread 0x0000021c75b55910 nmethod 1056 0x0000021c5a455f10 code [0x0000021c5a456280, 0x0000021c5a457818]
Event: 8.664 Thread 0x0000021c75b55910 1057       3       sun.awt.AWTAccessor::getComponentAccessor (15 bytes)
Event: 8.664 Thread 0x0000021c75b55910 nmethod 1057 0x0000021c5a457e90 code [0x0000021c5a458080, 0x0000021c5a458428]
Event: 10.381 Thread 0x0000021c75b55910 1058       3       sun.awt.SunToolkit::targetToAppContext (30 bytes)
Event: 10.382 Thread 0x0000021c75b55910 nmethod 1058 0x0000021c5a458610 code [0x0000021c5a4587e0, 0x0000021c5a458cd8]
Event: 10.382 Thread 0x0000021c75b55910 1059       3       sun.awt.SunToolkit::getAppContext (42 bytes)
Event: 10.382 Thread 0x0000021c75b55910 nmethod 1059 0x0000021c5a458e90 code [0x0000021c5a459120, 0x0000021c5a459e28]
Event: 11.164 Thread 0x0000021c75b55910 1061       3       sun.awt.AWTAutoShutdown::notifyToolkitThreadBusy (8 bytes)
Event: 11.164 Thread 0x0000021c75b55910 nmethod 1061 0x0000021c5a45a290 code [0x0000021c5a45a440, 0x0000021c5a45a5a8]
Event: 11.172 Thread 0x0000021c75b55910 1062       3       sun.awt.AWTAutoShutdown::notifyToolkitThreadFree (8 bytes)
Event: 11.173 Thread 0x0000021c75b55910 nmethod 1062 0x0000021c5a45a690 code [0x0000021c5a45a840, 0x0000021c5a45a9a8]
Event: 11.277 Thread 0x0000021c75b55910 1063       3       java.awt.event.InputEvent::getModifiers (8 bytes)
Event: 11.277 Thread 0x0000021c75b55910 nmethod 1063 0x0000021c5a45aa90 code [0x0000021c5a45ac20, 0x0000021c5a45ad18]
Event: 11.349 Thread 0x0000021c75b55910 1064       3       java.awt.AWTEvent::<init> (81 bytes)
Event: 11.350 Thread 0x0000021c75b55910 nmethod 1064 0x0000021c5a45ad90 code [0x0000021c5a45af60, 0x0000021c5a45b418]

GC Heap History (2 events):
Event: 0.964 GC heap before
{Heap before GC invocations=0 (full 0):
 garbage-first heap   total 262144K, used 22528K [0x0000000701a00000, 0x0000000800000000)
  region size 2048K, 11 young (22528K), 0 survivors (0K)
 Metaspace       used 10437K, capacity 10612K, committed 10880K, reserved 1058816K
  class space    used 1019K, capacity 1097K, committed 1152K, reserved 1048576K
}
Event: 0.968 GC heap after
{Heap after GC invocations=1 (full 0):
 garbage-first heap   total 262144K, used 4491K [0x0000000701a00000, 0x0000000800000000)
  region size 2048K, 2 young (4096K), 2 survivors (4096K)
 Metaspace       used 10437K, capacity 10612K, committed 10880K, reserved 1058816K
  class space    used 1019K, capacity 1097K, committed 1152K, reserved 1048576K
}

Deoptimization events (20 events):
Event: 1.146 Thread 0x0000021c761d89f0 DEOPT PACKING pc=0x0000021c5a42a2a1 sp=0x00000072952fdf40
Event: 1.146 Thread 0x0000021c761d89f0 DEOPT UNPACKING pc=0x0000021c59d7e23f sp=0x00000072952fd688 mode 0
Event: 1.146 Thread 0x0000021c761d89f0 DEOPT PACKING pc=0x0000021c5a42a2a1 sp=0x00000072952fdf40
Event: 1.146 Thread 0x0000021c761d89f0 DEOPT UNPACKING pc=0x0000021c59d7e23f sp=0x00000072952fd688 mode 0
Event: 1.146 Thread 0x0000021c761d89f0 DEOPT PACKING pc=0x0000021c5a42a2a1 sp=0x00000072952fdf40
Event: 1.146 Thread 0x0000021c761d89f0 DEOPT UNPACKING pc=0x0000021c59d7e23f sp=0x00000072952fd688 mode 0
Event: 1.147 Thread 0x0000021c761d89f0 DEOPT PACKING pc=0x0000021c5a42a2a1 sp=0x00000072952fdf40
Event: 1.147 Thread 0x0000021c761d89f0 DEOPT UNPACKING pc=0x0000021c59d7e23f sp=0x00000072952fd688 mode 0
Event: 1.359 Thread 0x0000021c761d89f0 DEOPT PACKING pc=0x0000021c5a45177b sp=0x00000072952fe6c0
Event: 1.359 Thread 0x0000021c761d89f0 DEOPT UNPACKING pc=0x0000021c59d7e23f sp=0x00000072952fdbf8 mode 0
Event: 1.374 Thread 0x0000021c761d89f0 DEOPT PACKING pc=0x0000021c5a45177b sp=0x00000072952fe6c0
Event: 1.374 Thread 0x0000021c761d89f0 DEOPT UNPACKING pc=0x0000021c59d7e23f sp=0x00000072952fdbf8 mode 0
Event: 1.389 Thread 0x0000021c761d89f0 DEOPT PACKING pc=0x0000021c5a45177b sp=0x00000072952fe6c0
Event: 1.389 Thread 0x0000021c761d89f0 DEOPT UNPACKING pc=0x0000021c59d7e23f sp=0x00000072952fdbf8 mode 0
Event: 1.404 Thread 0x0000021c761d89f0 DEOPT PACKING pc=0x0000021c5a45177b sp=0x00000072952fe6c0
Event: 1.404 Thread 0x0000021c761d89f0 DEOPT UNPACKING pc=0x0000021c59d7e23f sp=0x00000072952fdbf8 mode 0
Event: 1.419 Thread 0x0000021c761d89f0 DEOPT PACKING pc=0x0000021c5a45177b sp=0x00000072952fe6c0
Event: 1.419 Thread 0x0000021c761d89f0 DEOPT UNPACKING pc=0x0000021c59d7e23f sp=0x00000072952fdbf8 mode 0
Event: 1.434 Thread 0x0000021c761d89f0 DEOPT PACKING pc=0x0000021c5a45177b sp=0x00000072952fe6c0
Event: 1.434 Thread 0x0000021c761d89f0 DEOPT UNPACKING pc=0x0000021c59d7e23f sp=0x00000072952fdbf8 mode 0

Classes unloaded (0 events):
No events

Classes redefined (0 events):
No events

Internal exceptions (16 events):
Event: 0.125 Thread 0x0000021c75e003e0 Exception <a 'java/lang/NoSuchMethodError'{0x00000007116088f0}: 'java.lang.Object java.lang.invoke.DirectMethodHandle$Holder.invokeStatic(java.lang.Object)'> (0x00000007116088f0) 
thrown [./open/src/hotspot/share/interpreter/linkResolver.cpp, line 782]
Event: 0.126 Thread 0x0000021c75e003e0 Exception <a 'java/lang/NoSuchMethodError'{0x000000071160c200}: 'java.lang.Object java.lang.invoke.DirectMethodHandle$Holder.invokeStaticInit(java.lang.Object)'> (0x000000071160c200) 
thrown [./open/src/hotspot/share/interpreter/linkResolver.cpp, line 782]
Event: 0.131 Thread 0x0000021c75e003e0 Exception <a 'java/lang/NoSuchMethodError'{0x0000000711619428}: 'void java.lang.invoke.DirectMethodHandle$Holder.invokeStatic(java.lang.Object, java.lang.Object)'> (0x0000000711619428) 
thrown [./open/src/hotspot/share/interpreter/linkResolver.cpp, line 782]
Event: 0.132 Thread 0x0000021c51aef950 Exception <a 'java/lang/NoSuchMethodError'{0x00000007119f95f8}: 'void java.lang.invoke.DirectMethodHandle$Holder.invokeSpecial(java.lang.Object, java.lang.Object, java.lang.Object)'> (0x00000007119f95f8) 
thrown [./open/src/hotspot/share/interpreter/linkResolver.cpp, line 782]
Event: 0.141 Thread 0x0000021c51aef950 Exception <a 'java/lang/ClassNotFoundException'{0x0000000711680bb0}: sun/awt/resources/spi/awtProvider> (0x0000000711680bb0) 
thrown [./open/src/hotspot/share/classfile/systemDictionary.cpp, line 295]
Event: 0.164 Thread 0x0000021c51aef950 Exception <a 'java/io/FileNotFoundException'{0x00000007116d7c00}> (0x00000007116d7c00) 
thrown [./open/src/hotspot/share/prims/jni.cpp, line 578]
Event: 0.172 Thread 0x0000021c51aef950 Exception <a 'java/io/FileNotFoundException'{0x0000000711706a48}> (0x0000000711706a48) 
thrown [./open/src/hotspot/share/prims/jni.cpp, line 578]
Event: 0.251 Thread 0x0000021c51aef950 Exception <a 'java/lang/NoSuchMethodError'{0x00000007117c2a38}: 'java.lang.Object java.lang.invoke.DirectMethodHandle$Holder.newInvokeSpecial(java.lang.Object, java.lang.Object, java.lang.Object, java.lang.Object, java.lang.Object)'> (0x00000007117c2a38) 
thrown [./open/src/hotspot/share/interpreter/linkResolver.cpp, line 782]
Event: 0.252 Thread 0x0000021c51aef950 Exception <a 'java/lang/NoSuchMethodError'{0x000000071140b578}: 'java.lang.Object java.lang.invoke.DirectMethodHandle$Holder.invokeStatic(java.lang.Object, int, java.lang.Object, java.lang.Object, java.lang.Object, java.lang.Object)'> (0x000000071140b578) 
thrown [./open/src/hotspot/share/interpreter/linkResolver.cpp, line 782]
Event: 0.257 Thread 0x0000021c51aef950 Exception <a 'java/lang/NoSuchMethodError'{0x0000000711431820}: 'java.lang.Object java.lang.invoke.DirectMethodHandle$Holder.invokeStatic(java.lang.Object, int, java.lang.Object)'> (0x0000000711431820) 
thrown [./open/src/hotspot/share/interpreter/linkResolver.cpp, line 782]
Event: 0.280 Thread 0x0000021c51aef950 Exception <a 'java/lang/ClassNotFoundException'{0x00000007114e9d40}: com/sun/swing/internal/plaf/metal/resources/spi/metalProvider> (0x00000007114e9d40) 
thrown [./open/src/hotspot/share/classfile/systemDictionary.cpp, line 295]
Event: 0.281 Thread 0x0000021c51aef950 Exception <a 'java/lang/ClassNotFoundException'{0x00000007114ee000}: com/sun/swing/internal/plaf/basic/resources/spi/basicProvider> (0x00000007114ee000) 
thrown [./open/src/hotspot/share/classfile/systemDictionary.cpp, line 295]
Event: 0.399 Thread 0x0000021c51aef950 Exception <a 'java/lang/NoSuchMethodError'{0x00000007113521d0}: 'void java.lang.invoke.DirectMethodHandle$Holder.invokeStaticInit(java.lang.Object)'> (0x00000007113521d0) 
thrown [./open/src/hotspot/share/interpreter/linkResolver.cpp, line 782]
Event: 0.594 Thread 0x0000021c761d89f0 Exception <a 'java/lang/NoSuchMethodError'{0x0000000710e11520}: 'void java.lang.invoke.DirectMethodHandle$Holder.invokeStaticInit(java.lang.Object, java.lang.Object)'> (0x0000000710e11520) 
thrown [./open/src/hotspot/share/interpreter/linkResolver.cpp, line 782]
Event: 0.602 Thread 0x0000021c761d89f0 Exception <a 'java/lang/NoSuchMethodError'{0x0000000710e3e4d8}: 'java.lang.Object java.lang.invoke.DirectMethodHandle$Holder.invokeStaticInit(java.lang.Object, int, int, int, int)'> (0x0000000710e3e4d8) 
thrown [./open/src/hotspot/share/interpreter/linkResolver.cpp, line 782]
Event: 0.642 Thread 0x0000021c761d89f0 Exception <a 'java/lang/NoSuchMethodError'{0x0000000710e822c0}: 'java.lang.Object java.lang.invoke.DirectMethodHandle$Holder.invokeStaticInit(java.lang.Object, java.lang.Object, int, int, int, int)'> (0x0000000710e822c0) 
thrown [./open/src/hotspot/share/interpreter/linkResolver.cpp, line 782]

Events (20 events):
Event: 1.161 loading class javax/imageio/ImageTypeSpecifier$Indexed
Event: 1.162 loading class javax/imageio/ImageTypeSpecifier$Indexed done
Event: 1.162 loading class sun/awt/image/BytePackedRaster
Event: 1.162 loading class sun/awt/image/BytePackedRaster done
Event: 61.514 loading class jdk/internal/misc/Signal$1
Event: 61.514 loading class jdk/internal/misc/Signal$1 done
Event: 61.514 Thread 0x0000021c767d5460 Thread added: 0x0000021c767d5460
Event: 61.515 Thread 0x0000021c767d5930 Thread added: 0x0000021c767d5930
Event: 61.515 Thread 0x0000021c767d7140 Thread added: 0x0000021c767d7140
Event: 61.515 Thread 0x0000021c767d5e00 Thread added: 0x0000021c767d5e00
Event: 61.515 Thread 0x0000021c767d5930 Thread exited: 0x0000021c767d5930
Event: 61.515 loading class java/util/WeakHashMap$KeyIterator
Event: 61.515 loading class java/util/WeakHashMap$HashIterator
Event: 61.516 loading class java/util/WeakHashMap$HashIterator done
Event: 61.516 loading class java/util/WeakHashMap$KeyIterator done
Event: 61.516 Thread 0x0000021c767d7140 Thread exited: 0x0000021c767d7140
Event: 61.523 Thread 0x0000021c760b93b0 Thread exited: 0x0000021c760b93b0
Event: 61.619 Thread 0x0000021c767d5e00 Thread exited: 0x0000021c767d5e00
Event: 61.619 Executing VM operation: Exit
Event: 61.619 Thread 0x0000021c7521e7a0 Thread exited: 0x0000021c7521e7a0


Dynamic libraries:
0x00007ff693b30000 - 0x00007ff693b3f000 	D:\intellij\bin\java.exe
0x00007ffb602d0000 - 0x00007ffb604c8000 	C:\WINDOWS\SYSTEM32\ntdll.dll
0x00007ffb5f000000 - 0x00007ffb5f0bd000 	C:\WINDOWS\System32\KERNEL32.DLL
0x00007ffb5da50000 - 0x00007ffb5dd46000 	C:\WINDOWS\System32\KERNELBASE.dll
0x00007ffb5e080000 - 0x00007ffb5e180000 	C:\WINDOWS\System32\ucrtbase.dll
0x00007ffb58bb0000 - 0x00007ffb58bc8000 	D:\intellij\bin\jli.dll
0x00007ffb58b90000 - 0x00007ffb58ba9000 	D:\intellij\bin\VCRUNTIME140.dll
0x00007ffb5e330000 - 0x00007ffb5e3df000 	C:\WINDOWS\System32\ADVAPI32.dll
0x00007ffb5ee80000 - 0x00007ffb5ef1e000 	C:\WINDOWS\System32\msvcrt.dll
0x00007ffb601f0000 - 0x00007ffb6028c000 	C:\WINDOWS\System32\sechost.dll
0x00007ffb5f5e0000 - 0x00007ffb5f706000 	C:\WINDOWS\System32\RPCRT4.dll
0x00007ffb5ec60000 - 0x00007ffb5edfe000 	C:\WINDOWS\System32\USER32.dll
0x00007ffb4d050000 - 0x00007ffb4d2ea000 	C:\WINDOWS\WinSxS\amd64_microsoft.windows.common-controls_6595b64144ccf1df_6.0.19041.3636_none_60b6a03d71f818d5\COMCTL32.dll
0x00007ffb5e050000 - 0x00007ffb5e072000 	C:\WINDOWS\System32\win32u.dll
0x00007ffb60090000 - 0x00007ffb600bc000 	C:\WINDOWS\System32\GDI32.dll
0x00007ffb5dde0000 - 0x00007ffb5defa000 	C:\WINDOWS\System32\gdi32full.dll
0x00007ffb5df00000 - 0x00007ffb5df9d000 	C:\WINDOWS\System32\msvcp_win.dll
0x00007ffb58a90000 - 0x00007ffb58a9a000 	C:\WINDOWS\SYSTEM32\VERSION.dll
0x00007ffb5efd0000 - 0x00007ffb5f000000 	C:\WINDOWS\System32\IMM32.DLL
0x00007ffb5a9f0000 - 0x00007ffb5a9fc000 	D:\intellij\bin\vcruntime140_1.dll
0x00007ffb533c0000 - 0x00007ffb53451000 	D:\intellij\bin\msvcp140.dll
0x00007ffb102e0000 - 0x00007ffb10e3e000 	D:\intellij\bin\server\jvm.dll
0x00007ffb5f5d0000 - 0x00007ffb5f5d8000 	C:\WINDOWS\System32\PSAPI.DLL
0x00007ffb4e450000 - 0x00007ffb4e459000 	C:\WINDOWS\SYSTEM32\WSOCK32.dll
0x00007ffb54400000 - 0x00007ffb54427000 	C:\WINDOWS\SYSTEM32\WINMM.dll
0x00007ffb60020000 - 0x00007ffb6008b000 	C:\WINDOWS\System32\WS2_32.dll
0x00007ffb5c200000 - 0x00007ffb5c212000 	C:\WINDOWS\SYSTEM32\kernel.appcore.dll
0x00007ffb58f80000 - 0x00007ffb58f8a000 	D:\intellij\bin\jimage.dll
0x00007ffb5b760000 - 0x00007ffb5b944000 	C:\WINDOWS\SYSTEM32\DBGHELP.DLL
0x00007ffb47be0000 - 0x00007ffb47c14000 	C:\WINDOWS\SYSTEM32\dbgcore.DLL
0x00007ffb5dd50000 - 0x00007ffb5ddd2000 	C:\WINDOWS\System32\bcryptPrimitives.dll
0x00007ffb58c10000 - 0x00007ffb58c1e000 	D:\intellij\bin\instrument.dll
0x00007ffb577e0000 - 0x00007ffb57805000 	D:\intellij\bin\java.dll
0x00007ffb5e510000 - 0x00007ffb5ec54000 	C:\WINDOWS\System32\SHELL32.dll
0x00007ffb5ba50000 - 0x00007ffb5c1eb000 	C:\WINDOWS\SYSTEM32\windows.storage.dll
0x00007ffb5f7f0000 - 0x00007ffb5fb44000 	C:\WINDOWS\System32\combase.dll
0x00007ffb5d3f0000 - 0x00007ffb5d41d000 	C:\WINDOWS\SYSTEM32\Wldp.dll
0x00007ffb5ef20000 - 0x00007ffb5efcd000 	C:\WINDOWS\System32\SHCORE.dll
0x00007ffb5f4e0000 - 0x00007ffb5f535000 	C:\WINDOWS\System32\shlwapi.dll
0x00007ffb5d8e0000 - 0x00007ffb5d905000 	C:\WINDOWS\SYSTEM32\profapi.dll
0x00007ffb577a0000 - 0x00007ffb577b8000 	D:\intellij\bin\zip.dll
0x00007ffb57ec0000 - 0x00007ffb57ed9000 	D:\intellij\bin\net.dll
0x00007ffb56820000 - 0x00007ffb5692a000 	C:\WINDOWS\SYSTEM32\WINHTTP.dll
0x00007ffb5d150000 - 0x00007ffb5d1ba000 	C:\WINDOWS\system32\mswsock.dll
0x00007ffb577c0000 - 0x00007ffb577d2000 	D:\intellij\bin\nio.dll
0x00007ffb57780000 - 0x00007ffb5779a000 	D:\intellij\IntelliJ IDEA Community Edition 2023.2.1\bin\breakgen64.dll
0x00007ffb4fef0000 - 0x00007ffb50070000 	D:\intellij\bin\awt.dll
0x00007ffb5f0c0000 - 0x00007ffb5f18d000 	C:\WINDOWS\System32\OLEAUT32.dll
0x00007ffb5ab70000 - 0x00007ffb5ac00000 	C:\WINDOWS\SYSTEM32\apphelp.dll
0x00007ffb5b2e0000 - 0x00007ffb5b30f000 	C:\WINDOWS\system32\DWMAPI.DLL
0x00007ffb5af20000 - 0x00007ffb5afbe000 	C:\WINDOWS\system32\uxtheme.dll
0x00007ffb3b8f0000 - 0x00007ffb3ba15000 	C:\WINDOWS\system32\opengl32.dll
0x00007ffb3d490000 - 0x00007ffb3d4bc000 	C:\WINDOWS\SYSTEM32\GLU32.dll
0x00007ffb600c0000 - 0x00007ffb601d4000 	C:\WINDOWS\System32\MSCTF.dll
0x00007ffb5e3e0000 - 0x00007ffb5e50b000 	C:\WINDOWS\System32\ole32.dll
0x00007ffb57ae0000 - 0x00007ffb57af0000 	D:\intellij\bin\verify.dll
0x0000000010000000 - 0x000000001005a000 	C:\Users\Tech\Downloads\JOGLwin\JOGLwin\lib64\jogl.dll
0x000000006a800000 - 0x000000006a8c9000 	C:\WINDOWS\WinSxS\amd64_microsoft.vc80.crt_1fc8b3b9a1e18e3b_8.0.50727.9672_none_88e266cb2fac7c0d\MSVCR80.dll
0x00007ffb53330000 - 0x00007ffb533b5000 	D:\intellij\bin\freetype.dll
0x00007ffb4fe40000 - 0x00007ffb4fee9000 	D:\intellij\bin\fontmanager.dll
0x00007ffb4f520000 - 0x00007ffb4f61a000 	C:\WINDOWS\SYSTEM32\textinputframework.dll
0x00007ffb5a450000 - 0x00007ffb5a7ab000 	C:\WINDOWS\System32\CoreUIComponents.dll
0x00007ffb5a7b0000 - 0x00007ffb5a8a2000 	C:\WINDOWS\System32\CoreMessaging.dll
0x00007ffb5cb30000 - 0x00007ffb5cb63000 	C:\WINDOWS\SYSTEM32\ntmarta.dll
0x00007ffb59d80000 - 0x00007ffb59ed5000 	C:\WINDOWS\SYSTEM32\wintypes.dll
0x00007ffb53320000 - 0x00007ffb53327000 	D:\intellij\bin\jawt.dll
0x00000000007d0000 - 0x00000000007d7000 	C:\Users\Tech\Downloads\JOGLwin\JOGLwin\lib64\jogl_awt.dll
0x00007ffb5f190000 - 0x00007ffb5f239000 	C:\WINDOWS\System32\clbcatq.dll
0x00007ffafbaa0000 - 0x00007ffafc9b7000 	C:\WINDOWS\System32\DriverStore\FileRepository\igdlh64.inf_amd64_bf81fe4bbb266b4e\ig9icd64.dll
0x00007ffb5c270000 - 0x00007ffb5c363000 	C:\WINDOWS\system32\dxgi.dll
0x00007ffb4cd90000 - 0x00007ffb4cf34000 	C:\WINDOWS\System32\DriverStore\FileRepository\igdlh64.inf_amd64_bf81fe4bbb266b4e\igdgmm64.dll
0x00007ffb12b70000 - 0x00007ffb12ecb000 	C:\WINDOWS\System32\DriverStore\FileRepository\igdlh64.inf_amd64_bf81fe4bbb266b4e\igdml64.dll
0x00007ffb4a780000 - 0x00007ffb4cd81000 	C:\WINDOWS\System32\DriverStore\FileRepository\igdlh64.inf_amd64_bf81fe4bbb266b4e\igc64.dll
0x00007ffb5cf50000 - 0x00007ffb5cf9b000 	C:\WINDOWS\SYSTEM32\powrprof.dll
0x00007ffb5cdd0000 - 0x00007ffb5cde2000 	C:\WINDOWS\SYSTEM32\UMPDC.dll
0x00007ffb5d340000 - 0x00007ffb5d358000 	C:\WINDOWS\SYSTEM32\CRYPTSP.dll
0x00007ffb5ca10000 - 0x00007ffb5ca44000 	C:\WINDOWS\system32\rsaenh.dll
0x00007ffb5da20000 - 0x00007ffb5da47000 	C:\WINDOWS\System32\bcrypt.dll
0x00007ffb5d8a0000 - 0x00007ffb5d8ce000 	C:\WINDOWS\SYSTEM32\USERENV.dll
0x00007ffb5d360000 - 0x00007ffb5d36c000 	C:\WINDOWS\SYSTEM32\CRYPTBASE.dll
0x00007ffb5cdf0000 - 0x00007ffb5ce2b000 	C:\WINDOWS\SYSTEM32\IPHLPAPI.DLL
0x00007ffb601e0000 - 0x00007ffb601e8000 	C:\WINDOWS\System32\NSI.dll
0x00007ffb56de0000 - 0x00007ffb56df7000 	C:\WINDOWS\SYSTEM32\dhcpcsvc6.DLL
0x00007ffb576f0000 - 0x00007ffb5770d000 	C:\WINDOWS\SYSTEM32\dhcpcsvc.DLL
0x00007ffb5ce30000 - 0x00007ffb5cefa000 	C:\WINDOWS\SYSTEM32\DNSAPI.dll

dbghelp: loaded successfully - version: 4.0.5 - missing functions: none
symbol engine: initialized successfully - sym options: 0x614 - pdb path: .;D:\intellij\bin;C:\WINDOWS\SYSTEM32;C:\WINDOWS\WinSxS\amd64_microsoft.windows.common-controls_6595b64144ccf1df_6.0.19041.3636_none_60b6a03d71f818d5;D:\intellij\bin\server;D:\intellij\IntelliJ IDEA Community Edition 2023.2.1\bin;C:\Users\Tech\Downloads\JOGLwin\JOGLwin\lib64;C:\WINDOWS\WinSxS\amd64_microsoft.vc80.crt_1fc8b3b9a1e18e3b_8.0.50727.9672_none_88e266cb2fac7c0d;C:\WINDOWS\System32\DriverStore\FileRepository\igdlh64.inf_amd64_bf81fe4bbb266b4e

VM Arguments:
jvm_args: -Djava.library.path=C:\Users\Tech\Downloads\JOGLwin\JOGLwin\lib64 -javaagent:D:\intellij\IntelliJ IDEA Community Edition 2023.2.1\lib\idea_rt.jar=51002:D:\intellij\IntelliJ IDEA Community Edition 2023.2.1\bin -Dfile.encoding=UTF-8 
java_command: Chicken_Eggs
java_class_path (initial): C:\Users\Tech\IdeaProjects\comp_304\out\production\comp_304;C:\Users\Tech\Downloads\JOGLwin\JOGLwin\lib64\gluegen-rt.jar;C:\Users\Tech\Downloads\JOGLwin\JOGLwin\lib64\jogl.jar
Launcher Type: SUN_STANDARD

[Global flags]
     intx CICompilerCount                          = 4                                         {product} {ergonomic}
     uint ConcGCThreads                            = 2                                         {product} {ergonomic}
     uint G1ConcRefinementThreads                  = 8                                         {product} {ergonomic}
   size_t G1HeapRegionSize                         = 2097152                                   {product} {ergonomic}
    uintx GCDrainStackTargetSize                   = 64                                        {product} {ergonomic}
   size_t InitialHeapSize                          = 268435456                                 {product} {ergonomic}
   size_t MarkStackSize                            = 4194304                                   {product} {ergonomic}
   size_t MaxHeapSize                              = 4267704320                                {product} {ergonomic}
   size_t MaxNewSize                               = 2560622592                                {product} {ergonomic}
   size_t MinHeapDeltaBytes                        = 2097152                                   {product} {ergonomic}
   size_t MinHeapSize                              = 8388608                                   {product} {ergonomic}
    uintx NonNMethodCodeHeapSize                   = 5839372                                {pd product} {ergonomic}
    uintx NonProfiledCodeHeapSize                  = 122909434                              {pd product} {ergonomic}
    uintx ProfiledCodeHeapSize                     = 122909434                              {pd product} {ergonomic}
    uintx ReservedCodeCacheSize                    = 251658240                              {pd product} {ergonomic}
     bool SegmentedCodeCache                       = true                                      {product} {ergonomic}
   size_t SoftMaxHeapSize                          = 4267704320                             {manageable} {ergonomic}
     bool UseCompressedClassPointers               = true                                 {lp64_product} {ergonomic}
     bool UseCompressedOops                        = true                                 {lp64_product} {ergonomic}
     bool UseG1GC                                  = true                                      {product} {ergonomic}
     bool UseLargePagesIndividualAllocation        = false                                  {pd product} {ergonomic}

Logging:
Log output configuration:
 #0: stdout all=warning uptime,level,tags
 #1: stderr all=off uptime,level,tags

Environment Variables:
PATH=C:\app\Tech\product\21c\dbhomeXE\bin;C:\Program Files\Common Files\Oracle\Java\javapath;C:\WINDOWS\system32;C:\WINDOWS;C:\WINDOWS\System32\Wbem;C:\WINDOWS\System32\WindowsPowerShell\v1.0\;C:\WINDOWS\System32\OpenSSH\;C:\Program Files\nodejs\;C:\Aldec\Active-HDL-Student-Edition\bin;C:\Program Files\Git\cmd;C:\Users\Tech\AppData\Local\Microsoft\WindowsApps;;C:\Users\Tech\AppData\Local\Programs\Microsoft VS Code\bin;C:\Users\Tech\AppData\Roaming\npm
USERNAME=Tech
OS=Windows_NT
PROCESSOR_IDENTIFIER=Intel64 Family 6 Model 94 Stepping 3, GenuineIntel



---------------  S Y S T E M  ---------------

OS:
 Windows 10 , 64 bit Build 19041 (10.0.19041.3636)
OS uptime: 0 days 18:58 hours

CPU: total 8 (initial active 8) (4 cores per cpu, 2 threads per core) family 6 model 94 stepping 3 microcode 0xcc, cmov, cx8, fxsr, mmx, sse, sse2, sse3, ssse3, sse4.1, sse4.2, popcnt, vzeroupper, avx, avx2, aes, clmul, erms, rtm, 3dnowpref, lzcnt, ht, tsc, tscinvbit, bmi1, bmi2, adx, fma, clflush, clflushopt

Memory: 4k page, system-wide physical 16275M (3430M free)
TotalPageFile size 18707M (AvailPageFile size 3686M)
current process WorkingSet (physical memory assigned to process): 5908M, peak: 5908M
current process commit charge ("private bytes"): 6175M, peak: 6175M

vm_info: Java HotSpot(TM) 64-Bit Server VM (15.0.1+9-18) for windows-amd64 JRE (15.0.1+9-18), built on Sep 15 2020 14:43:54 by "mach5one" with unknown MS VC++:1925

END.
